2019-05-04 00:41:37,951 [Worker-1] DEBUG class java.lang.Class - Starting Andmore Common Plugin...
2019-05-04 00:41:37,952 [Worker-1] DEBUG class java.lang.Class - Andmore Common Plugin started.
2019-05-04 00:41:37,955 [Worker-1] DEBUG class java.lang.Class - Starting Andmore Plugin...
2019-05-04 00:41:37,961 [Worker-1] DEBUG class java.lang.Class - Andmore Plugin started.
2019-05-04 00:41:38,181 [Worker-1] DEBUG class java.lang.Class - Starting Andmore Emulator Plugin...
2019-05-04 00:41:38,267 [Worker-1] DEBUG class java.lang.Class - Andmore Emulator Plugin started.
2019-05-04 00:41:38,380 [Worker-1] DEBUG class java.lang.Class - Starting Andmore Device Services Plugin...
2019-05-04 00:41:38,381 [Worker-1] DEBUG class java.lang.Class - Andmore Device Services Plugin started.
2019-05-04 00:41:38,422 [Worker-1] DEBUG class java.lang.Class - Starting Andmore Handset Plugin...
2019-05-04 00:41:38,423 [Worker-1] DEBUG class java.lang.Class - Andmore Handset Plugin started.
2019-05-04 00:41:38,440 [Worker-1] DEBUG class java.lang.Class - Starting Andmore Remote Device Plugin...
2019-05-04 00:41:38,441 [Worker-1] DEBUG class java.lang.Class - Starting Andmore Remote Device Plugin started.
2019-05-04 00:41:38,479 [Worker-1] ERROR Studio for Android - Handler could not be instanced(PLUGIN=org.eclipse.sequoyah.device.framework;ERROR=202)
2019-05-04 00:41:38,480 [Worker-1] ERROR Studio for Android - Handler could not be instanced(PLUGIN=org.eclipse.sequoyah.device.framework;ERROR=202)
2019-05-04 00:41:38,480 [Worker-1] ERROR Studio for Android - Handler could not be instanced(PLUGIN=org.eclipse.sequoyah.device.framework;ERROR=202)
2019-05-04 00:41:38,481 [Worker-1] ERROR Studio for Android - Handler could not be instanced(PLUGIN=org.eclipse.sequoyah.device.framework;ERROR=202)
2019-05-04 00:41:38,481 [Worker-1] ERROR Studio for Android - Handler could not be instanced(PLUGIN=org.eclipse.sequoyah.device.framework;ERROR=202)
2019-05-04 00:41:38,482 [Worker-1] ERROR Studio for Android - Handler could not be instanced(PLUGIN=org.eclipse.sequoyah.device.framework;ERROR=202)
2019-05-04 00:41:38,482 [Worker-1] ERROR Studio for Android - Handler could not be instanced(PLUGIN=org.eclipse.sequoyah.device.framework;ERROR=202)
2019-05-04 00:41:38,482 [Worker-1] ERROR Studio for Android - Handler could not be instanced(PLUGIN=org.eclipse.sequoyah.device.framework;ERROR=202)
2019-05-04 00:41:38,483 [Worker-1] ERROR Studio for Android - Handler could not be instanced(PLUGIN=org.eclipse.sequoyah.device.framework;ERROR=202)
2019-05-04 00:41:38,483 [Worker-1] ERROR Studio for Android - Handler could not be instanced(PLUGIN=org.eclipse.sequoyah.device.framework;ERROR=202)
2019-05-04 00:41:38,483 [Worker-1] ERROR Studio for Android - Handler could not be instanced(PLUGIN=org.eclipse.sequoyah.device.framework;ERROR=202)
2019-05-04 00:41:38,486 [Worker-1] ERROR Studio for Android - Handler could not be instanced(PLUGIN=org.eclipse.sequoyah.device.framework;ERROR=202)
2019-05-04 00:41:38,487 [Worker-1] ERROR Studio for Android - Handler could not be instanced(PLUGIN=org.eclipse.sequoyah.device.framework;ERROR=202)
2019-05-04 00:41:38,487 [Worker-1] ERROR Studio for Android - Handler could not be instanced(PLUGIN=org.eclipse.sequoyah.device.framework;ERROR=202)
2019-05-04 00:41:38,487 [Worker-1] ERROR Studio for Android - Handler could not be instanced(PLUGIN=org.eclipse.sequoyah.device.framework;ERROR=202)
2019-05-04 00:41:38,487 [Worker-1] ERROR Studio for Android - Handler could not be instanced(PLUGIN=org.eclipse.sequoyah.device.framework;ERROR=202)
2019-05-04 00:41:38,487 [Worker-1] ERROR Studio for Android - Handler could not be instanced(PLUGIN=org.eclipse.sequoyah.device.framework;ERROR=202)
2019-05-04 00:41:38,488 [Worker-1] ERROR Studio for Android - Handler could not be instanced(PLUGIN=org.eclipse.sequoyah.device.framework;ERROR=202)
2019-05-04 00:41:38,488 [Worker-1] ERROR Studio for Android - Handler could not be instanced(PLUGIN=org.eclipse.sequoyah.device.framework;ERROR=202)
2019-05-04 00:41:38,488 [Worker-1] ERROR Studio for Android - Handler could not be instanced(PLUGIN=org.eclipse.sequoyah.device.framework;ERROR=202)
2019-05-04 00:41:38,489 [Worker-1] ERROR Studio for Android - Handler could not be instanced(PLUGIN=org.eclipse.sequoyah.device.framework;ERROR=202)
2019-05-04 00:41:38,489 [Worker-1] ERROR Studio for Android - Handler could not be instanced(PLUGIN=org.eclipse.sequoyah.device.framework;ERROR=202)
2019-05-04 00:41:38,489 [Worker-1] ERROR Studio for Android - Handler could not be instanced(PLUGIN=org.eclipse.sequoyah.device.framework;ERROR=202)
2019-05-04 00:41:38,489 [Worker-1] ERROR Studio for Android - Handler could not be instanced(PLUGIN=org.eclipse.sequoyah.device.framework;ERROR=202)
2019-05-04 00:41:38,490 [Worker-1] ERROR Studio for Android - Handler could not be instanced(PLUGIN=org.eclipse.sequoyah.device.framework;ERROR=202)
2019-05-04 00:41:38,491 [Worker-1] ERROR Studio for Android - Handler could not be instanced(PLUGIN=org.eclipse.sequoyah.device.framework;ERROR=202)
2019-05-04 00:41:38,491 [Worker-1] ERROR Studio for Android - Handler could not be instanced(PLUGIN=org.eclipse.sequoyah.device.framework;ERROR=202)
2019-05-04 00:41:38,491 [Worker-1] ERROR Studio for Android - Handler could not be instanced(PLUGIN=org.eclipse.sequoyah.device.framework;ERROR=202)
2019-05-04 00:41:38,491 [Worker-1] ERROR Studio for Android - Handler could not be instanced(PLUGIN=org.eclipse.sequoyah.device.framework;ERROR=202)
2019-05-04 00:41:38,492 [Worker-1] ERROR Studio for Android - Handler could not be instanced(PLUGIN=org.eclipse.sequoyah.device.framework;ERROR=202)
2019-05-04 00:41:38,492 [Worker-1] INFO  Studio for Android - [Status: id=org.eclipse.andmore.android.emulator.status.offline;name=Offline]
2019-05-04 00:41:38,492 [Worker-1] INFO  Studio for Android - [Status: id=org.eclipse.andmore.android.handset.status.handsetonline;name=Online]
2019-05-04 00:41:38,493 [Worker-1] INFO  Studio for Android - [Status: id=INACTIVE;name=INACTIVE]
2019-05-04 00:41:38,493 [Worker-1] INFO  Studio for Android - [Status: id=org.eclipse.andmore.android.emulator.status.notavailable;name=Not available]
2019-05-04 00:41:38,494 [Worker-1] INFO  Studio for Android - [Status: id=IDLE;name=IDLE]
2019-05-04 00:41:38,494 [Worker-1] INFO  Studio for Android - [Status: id=org.eclipse.andmore.android.remote.status.connected;name=Connected]
2019-05-04 00:41:38,494 [Worker-1] INFO  Studio for Android - [Status: id=org.eclipse.andmore.android.remote.status.disconnected;name=Disconnected]
2019-05-04 00:41:38,494 [Worker-1] INFO  Studio for Android - [Status: id=org.eclipse.andmore.android.emulator.status.online;name=Online]
2019-05-04 00:41:38,494 [Worker-1] INFO  Studio for Android - [Status: id=OFF;name=OFF]
2019-05-04 00:41:38,494 [Worker-1] INFO  Studio for Android - [Status: id=org.eclipse.andmore.android.emulator.status.offlineNoData;name=Offline (no user data)]
2019-05-04 09:26:29,115 [main] DEBUG class java.lang.Class - Starting Eclipse Andmore Database Core Plugin...
2019-05-04 09:26:29,183 [main] DEBUG Studio for Android - JDBC Driver Location:bundleentry://541.fwk61814127/res/androidjdbc.jar JDBC Driver getBundle().getLocation():reference:file:/C:/Users/nicho/.p2/pool/plugins/org.eclipse.andmore.android.common_0.5.1.201701251432.jar
2019-05-04 09:26:29,319 [main] DEBUG Studio for Android - JDBC Driver Path:C:\Users\nicho\eclipse\java-neon\eclipse\configuration\org.eclipse.osgi\541\0\.cp\res\androidjdbc.jar
2019-05-04 09:26:29,319 [main] DEBUG Studio for Android - JDBC Driver Location:bundleentry://541.fwk61814127/res/androidjdbc.jar JDBC Driver getBundle().getLocation():reference:file:/C:/Users/nicho/.p2/pool/plugins/org.eclipse.andmore.android.common_0.5.1.201701251432.jar
2019-05-04 09:26:29,320 [main] DEBUG Studio for Android - JDBC Driver Path:C:\Users\nicho\eclipse\java-neon\eclipse\configuration\org.eclipse.osgi\541\0\.cp\res\androidjdbc.jar
2019-05-04 09:26:29,355 [main] INFO  Studio for Android - Created a JDBC driver instance at Data Tools.
2019-05-04 09:26:29,372 [main] DEBUG class java.lang.Class - Eclipse Andmore Database Core Plugin started.
2019-05-04 09:26:29,373 [main] DEBUG class java.lang.Class - Starting Eclipse Andmore Database Devices Support Plugin...
2019-05-04 09:26:29,379 [main] DEBUG class java.lang.Class - Eclipse Andmore Database Devices Support Plugin started...
2019-05-04 09:26:30,687 [Framework stop] DEBUG Studio for Android - org.eclipse.sequoyah.device.service.start.StartServicePlugin-SHUTDOWN
2019-05-04 09:26:30,706 [Framework stop] DEBUG Studio for Android - org.eclipse.sequoyah.device.framework.ui.DeviceUIPlugin-SHUTDOWN
2019-05-04 09:26:30,707 [Framework stop] DEBUG Studio for Android - org.eclipse.sequoyah.device.service.stop.StopServicePlugin-SHUTDOWN
2019-05-04 09:26:30,707 [Framework stop] DEBUG Studio for Android - org.eclipse.sequoyah.device.framework.DevicePlugin-SHUTDOWN
2019-05-04 09:27:30,139 [Worker-3] DEBUG class java.lang.Class - Starting Andmore Common Plugin...
2019-05-04 09:27:30,139 [Worker-3] DEBUG class java.lang.Class - Andmore Common Plugin started.
2019-05-04 09:27:30,140 [Worker-3] DEBUG class java.lang.Class - Starting Andmore Plugin...
2019-05-04 09:27:30,144 [Worker-3] DEBUG class java.lang.Class - Andmore Plugin started.
2019-05-04 09:27:30,187 [Worker-3] DEBUG class java.lang.Class - Starting Andmore Emulator Plugin...
2019-05-04 09:27:30,238 [Worker-3] DEBUG class java.lang.Class - Andmore Emulator Plugin started.
2019-05-04 09:27:30,318 [Worker-3] DEBUG class java.lang.Class - Starting Andmore Device Services Plugin...
2019-05-04 09:27:30,330 [Worker-3] DEBUG class java.lang.Class - Andmore Device Services Plugin started.
2019-05-04 09:27:30,433 [Worker-3] DEBUG class java.lang.Class - Starting Andmore Handset Plugin...
2019-05-04 09:27:30,541 [Worker-3] DEBUG class java.lang.Class - Andmore Handset Plugin started.
2019-05-04 09:27:30,556 [Worker-3] DEBUG class java.lang.Class - Starting Andmore Remote Device Plugin...
2019-05-04 09:27:30,658 [Worker-3] DEBUG class java.lang.Class - Starting Andmore Remote Device Plugin started.
2019-05-04 09:27:30,698 [Worker-3] ERROR Studio for Android - Handler could not be instanced(PLUGIN=org.eclipse.sequoyah.device.framework;ERROR=202)
2019-05-04 09:27:30,699 [Worker-3] ERROR Studio for Android - Handler could not be instanced(PLUGIN=org.eclipse.sequoyah.device.framework;ERROR=202)
2019-05-04 09:27:30,699 [Worker-3] ERROR Studio for Android - Handler could not be instanced(PLUGIN=org.eclipse.sequoyah.device.framework;ERROR=202)
2019-05-04 09:27:30,701 [Worker-3] ERROR Studio for Android - Handler could not be instanced(PLUGIN=org.eclipse.sequoyah.device.framework;ERROR=202)
2019-05-04 09:27:30,701 [Worker-3] ERROR Studio for Android - Handler could not be instanced(PLUGIN=org.eclipse.sequoyah.device.framework;ERROR=202)
2019-05-04 09:27:30,702 [Worker-3] ERROR Studio for Android - Handler could not be instanced(PLUGIN=org.eclipse.sequoyah.device.framework;ERROR=202)
2019-05-04 09:27:30,702 [Worker-3] ERROR Studio for Android - Handler could not be instanced(PLUGIN=org.eclipse.sequoyah.device.framework;ERROR=202)
2019-05-04 09:27:30,703 [Worker-3] ERROR Studio for Android - Handler could not be instanced(PLUGIN=org.eclipse.sequoyah.device.framework;ERROR=202)
2019-05-04 09:27:30,703 [Worker-3] ERROR Studio for Android - Handler could not be instanced(PLUGIN=org.eclipse.sequoyah.device.framework;ERROR=202)
2019-05-04 09:27:30,703 [Worker-3] ERROR Studio for Android - Handler could not be instanced(PLUGIN=org.eclipse.sequoyah.device.framework;ERROR=202)
2019-05-04 09:27:30,705 [Worker-3] ERROR Studio for Android - Handler could not be instanced(PLUGIN=org.eclipse.sequoyah.device.framework;ERROR=202)
2019-05-04 09:27:30,705 [Worker-3] ERROR Studio for Android - Handler could not be instanced(PLUGIN=org.eclipse.sequoyah.device.framework;ERROR=202)
2019-05-04 09:27:30,705 [Worker-3] ERROR Studio for Android - Handler could not be instanced(PLUGIN=org.eclipse.sequoyah.device.framework;ERROR=202)
2019-05-04 09:27:30,706 [Worker-3] ERROR Studio for Android - Handler could not be instanced(PLUGIN=org.eclipse.sequoyah.device.framework;ERROR=202)
2019-05-04 09:27:30,706 [Worker-3] ERROR Studio for Android - Handler could not be instanced(PLUGIN=org.eclipse.sequoyah.device.framework;ERROR=202)
2019-05-04 09:27:30,707 [Worker-3] ERROR Studio for Android - Handler could not be instanced(PLUGIN=org.eclipse.sequoyah.device.framework;ERROR=202)
2019-05-04 09:27:30,713 [Worker-3] ERROR Studio for Android - Handler could not be instanced(PLUGIN=org.eclipse.sequoyah.device.framework;ERROR=202)
2019-05-04 09:27:30,714 [Worker-3] ERROR Studio for Android - Handler could not be instanced(PLUGIN=org.eclipse.sequoyah.device.framework;ERROR=202)
2019-05-04 09:27:30,715 [Worker-3] ERROR Studio for Android - Handler could not be instanced(PLUGIN=org.eclipse.sequoyah.device.framework;ERROR=202)
2019-05-04 09:27:30,715 [Worker-3] ERROR Studio for Android - Handler could not be instanced(PLUGIN=org.eclipse.sequoyah.device.framework;ERROR=202)
2019-05-04 09:27:30,716 [Worker-3] ERROR Studio for Android - Handler could not be instanced(PLUGIN=org.eclipse.sequoyah.device.framework;ERROR=202)
2019-05-04 09:27:30,716 [Worker-3] ERROR Studio for Android - Handler could not be instanced(PLUGIN=org.eclipse.sequoyah.device.framework;ERROR=202)
2019-05-04 09:27:30,716 [Worker-3] ERROR Studio for Android - Handler could not be instanced(PLUGIN=org.eclipse.sequoyah.device.framework;ERROR=202)
2019-05-04 09:27:30,725 [Worker-3] ERROR Studio for Android - Handler could not be instanced(PLUGIN=org.eclipse.sequoyah.device.framework;ERROR=202)
2019-05-04 09:27:30,726 [Worker-3] ERROR Studio for Android - Handler could not be instanced(PLUGIN=org.eclipse.sequoyah.device.framework;ERROR=202)
2019-05-04 09:27:30,726 [Worker-3] ERROR Studio for Android - Handler could not be instanced(PLUGIN=org.eclipse.sequoyah.device.framework;ERROR=202)
2019-05-04 09:27:30,726 [Worker-3] ERROR Studio for Android - Handler could not be instanced(PLUGIN=org.eclipse.sequoyah.device.framework;ERROR=202)
2019-05-04 09:27:30,727 [Worker-3] ERROR Studio for Android - Handler could not be instanced(PLUGIN=org.eclipse.sequoyah.device.framework;ERROR=202)
2019-05-04 09:27:30,727 [Worker-3] ERROR Studio for Android - Handler could not be instanced(PLUGIN=org.eclipse.sequoyah.device.framework;ERROR=202)
2019-05-04 09:27:30,727 [Worker-3] ERROR Studio for Android - Handler could not be instanced(PLUGIN=org.eclipse.sequoyah.device.framework;ERROR=202)
2019-05-04 09:27:30,728 [Worker-3] INFO  Studio for Android - [Status: id=org.eclipse.andmore.android.emulator.status.offline;name=Offline]
2019-05-04 09:27:30,728 [Worker-3] INFO  Studio for Android - [Status: id=org.eclipse.andmore.android.handset.status.handsetonline;name=Online]
2019-05-04 09:27:30,728 [Worker-3] INFO  Studio for Android - [Status: id=INACTIVE;name=INACTIVE]
2019-05-04 09:27:30,728 [Worker-3] INFO  Studio for Android - [Status: id=org.eclipse.andmore.android.emulator.status.notavailable;name=Not available]
2019-05-04 09:27:30,728 [Worker-3] INFO  Studio for Android - [Status: id=IDLE;name=IDLE]
2019-05-04 09:27:30,728 [Worker-3] INFO  Studio for Android - [Status: id=org.eclipse.andmore.android.remote.status.connected;name=Connected]
2019-05-04 09:27:30,728 [Worker-3] INFO  Studio for Android - [Status: id=org.eclipse.andmore.android.remote.status.disconnected;name=Disconnected]
2019-05-04 09:27:30,728 [Worker-3] INFO  Studio for Android - [Status: id=org.eclipse.andmore.android.emulator.status.online;name=Online]
2019-05-04 09:27:30,728 [Worker-3] INFO  Studio for Android - [Status: id=OFF;name=OFF]
2019-05-04 09:27:30,728 [Worker-3] INFO  Studio for Android - [Status: id=org.eclipse.andmore.android.emulator.status.offlineNoData;name=Offline (no user data)]
2019-05-04 09:27:39,984 [Worker-4] DEBUG class org.eclipse.andmore.android.AndroidPlugin - Notify SDK loader listeners
2019-05-04 09:27:40,150 [Worker-5] DEBUG class org.eclipse.andmore.android.AndroidPlugin - Notify SDK loader listeners
2019-05-04 09:29:46,029 [main] DEBUG class java.lang.Class - Starting Eclipse Andmore Database Core Plugin...
2019-05-04 09:29:46,127 [main] DEBUG Studio for Android - JDBC Driver Location:bundleentry://541.fwk74606989/res/androidjdbc.jar JDBC Driver getBundle().getLocation():reference:file:/C:/Users/nicho/.p2/pool/plugins/org.eclipse.andmore.android.common_0.5.1.201701251432.jar
2019-05-04 09:29:46,129 [main] DEBUG Studio for Android - JDBC Driver Path:C:\Users\nicho\eclipse\java-neon\eclipse\configuration\org.eclipse.osgi\541\0\.cp\res\androidjdbc.jar
2019-05-04 09:29:46,129 [main] DEBUG Studio for Android - JDBC Driver Location:bundleentry://541.fwk74606989/res/androidjdbc.jar JDBC Driver getBundle().getLocation():reference:file:/C:/Users/nicho/.p2/pool/plugins/org.eclipse.andmore.android.common_0.5.1.201701251432.jar
2019-05-04 09:29:46,129 [main] DEBUG Studio for Android - JDBC Driver Path:C:\Users\nicho\eclipse\java-neon\eclipse\configuration\org.eclipse.osgi\541\0\.cp\res\androidjdbc.jar
2019-05-04 09:29:46,145 [main] DEBUG class java.lang.Class - Eclipse Andmore Database Core Plugin started.
2019-05-04 09:29:46,146 [main] DEBUG class java.lang.Class - Starting Eclipse Andmore Database Devices Support Plugin...
2019-05-04 09:29:46,152 [main] DEBUG class java.lang.Class - Eclipse Andmore Database Devices Support Plugin started...
2019-05-04 09:29:47,600 [Framework stop] DEBUG Studio for Android - org.eclipse.sequoyah.device.service.start.StartServicePlugin-SHUTDOWN
2019-05-04 09:29:47,621 [Framework stop] DEBUG Studio for Android - org.eclipse.sequoyah.device.framework.ui.DeviceUIPlugin-SHUTDOWN
2019-05-04 09:29:47,622 [Framework stop] DEBUG Studio for Android - org.eclipse.sequoyah.device.service.stop.StopServicePlugin-SHUTDOWN
2019-05-04 09:29:47,622 [Framework stop] DEBUG Studio for Android - org.eclipse.sequoyah.device.framework.DevicePlugin-SHUTDOWN
2019-05-04 09:30:30,136 [Worker-4] DEBUG class java.lang.Class - Starting Andmore Common Plugin...
2019-05-04 09:30:30,136 [Worker-4] DEBUG class java.lang.Class - Andmore Common Plugin started.
2019-05-04 09:30:30,137 [Worker-4] DEBUG class java.lang.Class - Starting Andmore Plugin...
2019-05-04 09:30:30,308 [Worker-4] DEBUG class java.lang.Class - Andmore Plugin started.
2019-05-04 09:30:30,348 [Worker-4] DEBUG class java.lang.Class - Starting Andmore Emulator Plugin...
2019-05-04 09:30:30,651 [Worker-4] DEBUG class java.lang.Class - Andmore Emulator Plugin started.
2019-05-04 09:30:30,799 [Worker-4] DEBUG class java.lang.Class - Starting Andmore Device Services Plugin...
2019-05-04 09:30:30,800 [Worker-4] DEBUG class java.lang.Class - Andmore Device Services Plugin started.
2019-05-04 09:30:30,855 [Worker-4] DEBUG class java.lang.Class - Starting Andmore Handset Plugin...
2019-05-04 09:30:30,856 [Worker-4] DEBUG class java.lang.Class - Andmore Handset Plugin started.
2019-05-04 09:30:30,873 [Worker-4] DEBUG class java.lang.Class - Starting Andmore Remote Device Plugin...
2019-05-04 09:30:30,874 [Worker-4] DEBUG class java.lang.Class - Starting Andmore Remote Device Plugin started.
2019-05-04 09:30:30,908 [Worker-4] ERROR Studio for Android - Handler could not be instanced(PLUGIN=org.eclipse.sequoyah.device.framework;ERROR=202)
2019-05-04 09:30:30,908 [Worker-4] ERROR Studio for Android - Handler could not be instanced(PLUGIN=org.eclipse.sequoyah.device.framework;ERROR=202)
2019-05-04 09:30:30,908 [Worker-4] ERROR Studio for Android - Handler could not be instanced(PLUGIN=org.eclipse.sequoyah.device.framework;ERROR=202)
2019-05-04 09:30:30,909 [Worker-4] ERROR Studio for Android - Handler could not be instanced(PLUGIN=org.eclipse.sequoyah.device.framework;ERROR=202)
2019-05-04 09:30:30,909 [Worker-4] ERROR Studio for Android - Handler could not be instanced(PLUGIN=org.eclipse.sequoyah.device.framework;ERROR=202)
2019-05-04 09:30:30,909 [Worker-4] ERROR Studio for Android - Handler could not be instanced(PLUGIN=org.eclipse.sequoyah.device.framework;ERROR=202)
2019-05-04 09:30:30,909 [Worker-4] ERROR Studio for Android - Handler could not be instanced(PLUGIN=org.eclipse.sequoyah.device.framework;ERROR=202)
2019-05-04 09:30:30,910 [Worker-4] ERROR Studio for Android - Handler could not be instanced(PLUGIN=org.eclipse.sequoyah.device.framework;ERROR=202)
2019-05-04 09:30:30,910 [Worker-4] ERROR Studio for Android - Handler could not be instanced(PLUGIN=org.eclipse.sequoyah.device.framework;ERROR=202)
2019-05-04 09:30:30,911 [Worker-4] ERROR Studio for Android - Handler could not be instanced(PLUGIN=org.eclipse.sequoyah.device.framework;ERROR=202)
2019-05-04 09:30:30,911 [Worker-4] ERROR Studio for Android - Handler could not be instanced(PLUGIN=org.eclipse.sequoyah.device.framework;ERROR=202)
2019-05-04 09:30:30,912 [Worker-4] ERROR Studio for Android - Handler could not be instanced(PLUGIN=org.eclipse.sequoyah.device.framework;ERROR=202)
2019-05-04 09:30:30,912 [Worker-4] ERROR Studio for Android - Handler could not be instanced(PLUGIN=org.eclipse.sequoyah.device.framework;ERROR=202)
2019-05-04 09:30:30,912 [Worker-4] ERROR Studio for Android - Handler could not be instanced(PLUGIN=org.eclipse.sequoyah.device.framework;ERROR=202)
2019-05-04 09:30:30,912 [Worker-4] ERROR Studio for Android - Handler could not be instanced(PLUGIN=org.eclipse.sequoyah.device.framework;ERROR=202)
2019-05-04 09:30:30,912 [Worker-4] ERROR Studio for Android - Handler could not be instanced(PLUGIN=org.eclipse.sequoyah.device.framework;ERROR=202)
2019-05-04 09:30:30,913 [Worker-4] ERROR Studio for Android - Handler could not be instanced(PLUGIN=org.eclipse.sequoyah.device.framework;ERROR=202)
2019-05-04 09:30:30,913 [Worker-4] ERROR Studio for Android - Handler could not be instanced(PLUGIN=org.eclipse.sequoyah.device.framework;ERROR=202)
2019-05-04 09:30:30,913 [Worker-4] ERROR Studio for Android - Handler could not be instanced(PLUGIN=org.eclipse.sequoyah.device.framework;ERROR=202)
2019-05-04 09:30:30,913 [Worker-4] ERROR Studio for Android - Handler could not be instanced(PLUGIN=org.eclipse.sequoyah.device.framework;ERROR=202)
2019-05-04 09:30:30,913 [Worker-4] ERROR Studio for Android - Handler could not be instanced(PLUGIN=org.eclipse.sequoyah.device.framework;ERROR=202)
2019-05-04 09:30:30,914 [Worker-4] ERROR Studio for Android - Handler could not be instanced(PLUGIN=org.eclipse.sequoyah.device.framework;ERROR=202)
2019-05-04 09:30:30,914 [Worker-4] ERROR Studio for Android - Handler could not be instanced(PLUGIN=org.eclipse.sequoyah.device.framework;ERROR=202)
2019-05-04 09:30:30,914 [Worker-4] ERROR Studio for Android - Handler could not be instanced(PLUGIN=org.eclipse.sequoyah.device.framework;ERROR=202)
2019-05-04 09:30:30,914 [Worker-4] ERROR Studio for Android - Handler could not be instanced(PLUGIN=org.eclipse.sequoyah.device.framework;ERROR=202)
2019-05-04 09:30:30,915 [Worker-4] ERROR Studio for Android - Handler could not be instanced(PLUGIN=org.eclipse.sequoyah.device.framework;ERROR=202)
2019-05-04 09:30:30,915 [Worker-4] ERROR Studio for Android - Handler could not be instanced(PLUGIN=org.eclipse.sequoyah.device.framework;ERROR=202)
2019-05-04 09:30:30,915 [Worker-4] ERROR Studio for Android - Handler could not be instanced(PLUGIN=org.eclipse.sequoyah.device.framework;ERROR=202)
2019-05-04 09:30:30,915 [Worker-4] ERROR Studio for Android - Handler could not be instanced(PLUGIN=org.eclipse.sequoyah.device.framework;ERROR=202)
2019-05-04 09:30:30,915 [Worker-4] ERROR Studio for Android - Handler could not be instanced(PLUGIN=org.eclipse.sequoyah.device.framework;ERROR=202)
2019-05-04 09:30:30,916 [Worker-4] INFO  Studio for Android - [Status: id=org.eclipse.andmore.android.emulator.status.offline;name=Offline]
2019-05-04 09:30:30,916 [Worker-4] INFO  Studio for Android - [Status: id=org.eclipse.andmore.android.handset.status.handsetonline;name=Online]
2019-05-04 09:30:30,916 [Worker-4] INFO  Studio for Android - [Status: id=INACTIVE;name=INACTIVE]
2019-05-04 09:30:30,916 [Worker-4] INFO  Studio for Android - [Status: id=org.eclipse.andmore.android.emulator.status.notavailable;name=Not available]
2019-05-04 09:30:30,916 [Worker-4] INFO  Studio for Android - [Status: id=IDLE;name=IDLE]
2019-05-04 09:30:30,916 [Worker-4] INFO  Studio for Android - [Status: id=org.eclipse.andmore.android.remote.status.connected;name=Connected]
2019-05-04 09:30:30,916 [Worker-4] INFO  Studio for Android - [Status: id=org.eclipse.andmore.android.remote.status.disconnected;name=Disconnected]
2019-05-04 09:30:30,916 [Worker-4] INFO  Studio for Android - [Status: id=org.eclipse.andmore.android.emulator.status.online;name=Online]
2019-05-04 09:30:30,916 [Worker-4] INFO  Studio for Android - [Status: id=OFF;name=OFF]
2019-05-04 09:30:30,916 [Worker-4] INFO  Studio for Android - [Status: id=org.eclipse.andmore.android.emulator.status.offlineNoData;name=Offline (no user data)]
2019-05-04 09:30:35,651 [Worker-0] DEBUG class org.eclipse.andmore.android.AndroidPlugin - Notify SDK loader listeners
2019-05-04 09:30:35,793 [Worker-8] DEBUG class org.eclipse.andmore.android.AndroidPlugin - Notify SDK loader listeners
2019-05-04 09:40:09,646 [main] DEBUG class java.lang.Class - Starting Eclipse Andmore Database Core Plugin...
2019-05-04 09:40:09,803 [main] DEBUG Studio for Android - JDBC Driver Location:bundleentry://541.fwk74606989/res/androidjdbc.jar JDBC Driver getBundle().getLocation():reference:file:/C:/Users/nicho/.p2/pool/plugins/org.eclipse.andmore.android.common_0.5.1.201701251432.jar
2019-05-04 09:40:09,804 [main] DEBUG Studio for Android - JDBC Driver Path:C:\Users\nicho\eclipse\java-neon\eclipse\configuration\org.eclipse.osgi\541\0\.cp\res\androidjdbc.jar
2019-05-04 09:40:09,804 [main] DEBUG Studio for Android - JDBC Driver Location:bundleentry://541.fwk74606989/res/androidjdbc.jar JDBC Driver getBundle().getLocation():reference:file:/C:/Users/nicho/.p2/pool/plugins/org.eclipse.andmore.android.common_0.5.1.201701251432.jar
2019-05-04 09:40:09,805 [main] DEBUG Studio for Android - JDBC Driver Path:C:\Users\nicho\eclipse\java-neon\eclipse\configuration\org.eclipse.osgi\541\0\.cp\res\androidjdbc.jar
2019-05-04 09:40:09,828 [main] DEBUG class java.lang.Class - Eclipse Andmore Database Core Plugin started.
2019-05-04 09:40:09,834 [main] DEBUG class java.lang.Class - Starting Eclipse Andmore Database Devices Support Plugin...
2019-05-04 09:40:09,843 [main] DEBUG class java.lang.Class - Eclipse Andmore Database Devices Support Plugin started...
2019-05-04 09:40:11,356 [Framework stop] DEBUG Studio for Android - org.eclipse.sequoyah.device.service.start.StartServicePlugin-SHUTDOWN
2019-05-04 09:40:11,380 [Framework stop] DEBUG Studio for Android - org.eclipse.sequoyah.device.framework.ui.DeviceUIPlugin-SHUTDOWN
2019-05-04 09:40:11,381 [Framework stop] DEBUG Studio for Android - org.eclipse.sequoyah.device.service.stop.StopServicePlugin-SHUTDOWN
2019-05-04 09:40:11,381 [Framework stop] DEBUG Studio for Android - org.eclipse.sequoyah.device.framework.DevicePlugin-SHUTDOWN
2019-05-04 09:55:21,492 [Worker-0] DEBUG class java.lang.Class - Starting Andmore Common Plugin...
2019-05-04 09:55:21,492 [Worker-0] DEBUG class java.lang.Class - Andmore Common Plugin started.
2019-05-04 09:55:21,495 [Worker-0] DEBUG class java.lang.Class - Starting Andmore Plugin...
2019-05-04 09:55:21,548 [Worker-0] DEBUG class java.lang.Class - Andmore Plugin started.
2019-05-04 09:55:21,666 [Worker-0] DEBUG class java.lang.Class - Starting Andmore Emulator Plugin...
2019-05-04 09:55:21,731 [Worker-0] DEBUG class java.lang.Class - Andmore Emulator Plugin started.
2019-05-04 09:55:21,842 [Worker-0] DEBUG class java.lang.Class - Starting Andmore Device Services Plugin...
2019-05-04 09:55:21,847 [Worker-0] DEBUG class java.lang.Class - Andmore Device Services Plugin started.
2019-05-04 09:55:21,884 [Worker-0] DEBUG class java.lang.Class - Starting Andmore Handset Plugin...
2019-05-04 09:55:21,886 [Worker-0] DEBUG class java.lang.Class - Andmore Handset Plugin started.
2019-05-04 09:55:21,929 [Worker-0] DEBUG class java.lang.Class - Starting Andmore Remote Device Plugin...
2019-05-04 09:55:21,933 [Worker-0] DEBUG class java.lang.Class - Starting Andmore Remote Device Plugin started.
2019-05-04 09:55:21,968 [Worker-0] ERROR Studio for Android - Handler could not be instanced(PLUGIN=org.eclipse.sequoyah.device.framework;ERROR=202)
2019-05-04 09:55:21,969 [Worker-0] ERROR Studio for Android - Handler could not be instanced(PLUGIN=org.eclipse.sequoyah.device.framework;ERROR=202)
2019-05-04 09:55:21,969 [Worker-0] ERROR Studio for Android - Handler could not be instanced(PLUGIN=org.eclipse.sequoyah.device.framework;ERROR=202)
2019-05-04 09:55:21,969 [Worker-0] ERROR Studio for Android - Handler could not be instanced(PLUGIN=org.eclipse.sequoyah.device.framework;ERROR=202)
2019-05-04 09:55:21,970 [Worker-0] ERROR Studio for Android - Handler could not be instanced(PLUGIN=org.eclipse.sequoyah.device.framework;ERROR=202)
2019-05-04 09:55:21,970 [Worker-0] ERROR Studio for Android - Handler could not be instanced(PLUGIN=org.eclipse.sequoyah.device.framework;ERROR=202)
2019-05-04 09:55:21,970 [Worker-0] ERROR Studio for Android - Handler could not be instanced(PLUGIN=org.eclipse.sequoyah.device.framework;ERROR=202)
2019-05-04 09:55:21,970 [Worker-0] ERROR Studio for Android - Handler could not be instanced(PLUGIN=org.eclipse.sequoyah.device.framework;ERROR=202)
2019-05-04 09:55:21,971 [Worker-0] ERROR Studio for Android - Handler could not be instanced(PLUGIN=org.eclipse.sequoyah.device.framework;ERROR=202)
2019-05-04 09:55:21,971 [Worker-0] ERROR Studio for Android - Handler could not be instanced(PLUGIN=org.eclipse.sequoyah.device.framework;ERROR=202)
2019-05-04 09:55:21,971 [Worker-0] ERROR Studio for Android - Handler could not be instanced(PLUGIN=org.eclipse.sequoyah.device.framework;ERROR=202)
2019-05-04 09:55:21,972 [Worker-0] ERROR Studio for Android - Handler could not be instanced(PLUGIN=org.eclipse.sequoyah.device.framework;ERROR=202)
2019-05-04 09:55:21,972 [Worker-0] ERROR Studio for Android - Handler could not be instanced(PLUGIN=org.eclipse.sequoyah.device.framework;ERROR=202)
2019-05-04 09:55:21,972 [Worker-0] ERROR Studio for Android - Handler could not be instanced(PLUGIN=org.eclipse.sequoyah.device.framework;ERROR=202)
2019-05-04 09:55:21,972 [Worker-0] ERROR Studio for Android - Handler could not be instanced(PLUGIN=org.eclipse.sequoyah.device.framework;ERROR=202)
2019-05-04 09:55:21,972 [Worker-0] ERROR Studio for Android - Handler could not be instanced(PLUGIN=org.eclipse.sequoyah.device.framework;ERROR=202)
2019-05-04 09:55:21,972 [Worker-0] ERROR Studio for Android - Handler could not be instanced(PLUGIN=org.eclipse.sequoyah.device.framework;ERROR=202)
2019-05-04 09:55:21,973 [Worker-0] ERROR Studio for Android - Handler could not be instanced(PLUGIN=org.eclipse.sequoyah.device.framework;ERROR=202)
2019-05-04 09:55:21,973 [Worker-0] ERROR Studio for Android - Handler could not be instanced(PLUGIN=org.eclipse.sequoyah.device.framework;ERROR=202)
2019-05-04 09:55:21,973 [Worker-0] ERROR Studio for Android - Handler could not be instanced(PLUGIN=org.eclipse.sequoyah.device.framework;ERROR=202)
2019-05-04 09:55:21,973 [Worker-0] ERROR Studio for Android - Handler could not be instanced(PLUGIN=org.eclipse.sequoyah.device.framework;ERROR=202)
2019-05-04 09:55:21,974 [Worker-0] ERROR Studio for Android - Handler could not be instanced(PLUGIN=org.eclipse.sequoyah.device.framework;ERROR=202)
2019-05-04 09:55:21,974 [Worker-0] ERROR Studio for Android - Handler could not be instanced(PLUGIN=org.eclipse.sequoyah.device.framework;ERROR=202)
2019-05-04 09:55:21,974 [Worker-0] ERROR Studio for Android - Handler could not be instanced(PLUGIN=org.eclipse.sequoyah.device.framework;ERROR=202)
2019-05-04 09:55:21,974 [Worker-0] ERROR Studio for Android - Handler could not be instanced(PLUGIN=org.eclipse.sequoyah.device.framework;ERROR=202)
2019-05-04 09:55:21,974 [Worker-0] ERROR Studio for Android - Handler could not be instanced(PLUGIN=org.eclipse.sequoyah.device.framework;ERROR=202)
2019-05-04 09:55:21,974 [Worker-0] ERROR Studio for Android - Handler could not be instanced(PLUGIN=org.eclipse.sequoyah.device.framework;ERROR=202)
2019-05-04 09:55:21,975 [Worker-0] ERROR Studio for Android - Handler could not be instanced(PLUGIN=org.eclipse.sequoyah.device.framework;ERROR=202)
2019-05-04 09:55:21,975 [Worker-0] ERROR Studio for Android - Handler could not be instanced(PLUGIN=org.eclipse.sequoyah.device.framework;ERROR=202)
2019-05-04 09:55:21,975 [Worker-0] ERROR Studio for Android - Handler could not be instanced(PLUGIN=org.eclipse.sequoyah.device.framework;ERROR=202)
2019-05-04 09:55:21,976 [Worker-0] INFO  Studio for Android - [Status: id=org.eclipse.andmore.android.emulator.status.offline;name=Offline]
2019-05-04 09:55:21,976 [Worker-0] INFO  Studio for Android - [Status: id=org.eclipse.andmore.android.handset.status.handsetonline;name=Online]
2019-05-04 09:55:21,976 [Worker-0] INFO  Studio for Android - [Status: id=INACTIVE;name=INACTIVE]
2019-05-04 09:55:21,976 [Worker-0] INFO  Studio for Android - [Status: id=org.eclipse.andmore.android.emulator.status.notavailable;name=Not available]
2019-05-04 09:55:21,976 [Worker-0] INFO  Studio for Android - [Status: id=IDLE;name=IDLE]
2019-05-04 09:55:21,976 [Worker-0] INFO  Studio for Android - [Status: id=org.eclipse.andmore.android.remote.status.connected;name=Connected]
2019-05-04 09:55:21,976 [Worker-0] INFO  Studio for Android - [Status: id=org.eclipse.andmore.android.remote.status.disconnected;name=Disconnected]
2019-05-04 09:55:21,976 [Worker-0] INFO  Studio for Android - [Status: id=org.eclipse.andmore.android.emulator.status.online;name=Online]
2019-05-04 09:55:21,976 [Worker-0] INFO  Studio for Android - [Status: id=OFF;name=OFF]
2019-05-04 09:55:21,976 [Worker-0] INFO  Studio for Android - [Status: id=org.eclipse.andmore.android.emulator.status.offlineNoData;name=Offline (no user data)]
2019-05-04 09:55:31,392 [Worker-11] DEBUG class org.eclipse.andmore.android.AndroidPlugin - Notify SDK loader listeners
2019-05-04 09:55:31,550 [Worker-0] DEBUG class org.eclipse.andmore.android.AndroidPlugin - Notify SDK loader listeners
2019-05-04 10:27:43,310 [main] DEBUG class java.lang.Class - Starting Eclipse Andmore Database Core Plugin...
2019-05-04 10:27:43,379 [main] DEBUG Studio for Android - JDBC Driver Location:bundleentry://541.fwk74606989/res/androidjdbc.jar JDBC Driver getBundle().getLocation():reference:file:/C:/Users/nicho/.p2/pool/plugins/org.eclipse.andmore.android.common_0.5.1.201701251432.jar
2019-05-04 10:27:43,380 [main] DEBUG Studio for Android - JDBC Driver Path:C:\Users\nicho\eclipse\java-neon\eclipse\configuration\org.eclipse.osgi\541\0\.cp\res\androidjdbc.jar
2019-05-04 10:27:43,380 [main] DEBUG Studio for Android - JDBC Driver Location:bundleentry://541.fwk74606989/res/androidjdbc.jar JDBC Driver getBundle().getLocation():reference:file:/C:/Users/nicho/.p2/pool/plugins/org.eclipse.andmore.android.common_0.5.1.201701251432.jar
2019-05-04 10:27:43,380 [main] DEBUG Studio for Android - JDBC Driver Path:C:\Users\nicho\eclipse\java-neon\eclipse\configuration\org.eclipse.osgi\541\0\.cp\res\androidjdbc.jar
2019-05-04 10:27:43,394 [main] DEBUG class java.lang.Class - Eclipse Andmore Database Core Plugin started.
2019-05-04 10:27:43,394 [main] DEBUG class java.lang.Class - Starting Eclipse Andmore Database Devices Support Plugin...
2019-05-04 10:27:43,399 [main] DEBUG class java.lang.Class - Eclipse Andmore Database Devices Support Plugin started...
2019-05-04 10:27:44,619 [Framework stop] DEBUG Studio for Android - org.eclipse.sequoyah.device.service.start.StartServicePlugin-SHUTDOWN
2019-05-04 10:27:44,639 [Framework stop] DEBUG Studio for Android - org.eclipse.sequoyah.device.framework.ui.DeviceUIPlugin-SHUTDOWN
2019-05-04 10:27:44,640 [Framework stop] DEBUG Studio for Android - org.eclipse.sequoyah.device.service.stop.StopServicePlugin-SHUTDOWN
2019-05-04 10:27:44,640 [Framework stop] DEBUG Studio for Android - org.eclipse.sequoyah.device.framework.DevicePlugin-SHUTDOWN
2019-05-04 10:28:55,335 [Worker-5] DEBUG class java.lang.Class - Starting Andmore Common Plugin...
2019-05-04 10:28:55,335 [Worker-5] DEBUG class java.lang.Class - Andmore Common Plugin started.
2019-05-04 10:28:55,335 [Worker-5] DEBUG class java.lang.Class - Starting Andmore Plugin...
2019-05-04 10:28:55,351 [Worker-5] DEBUG class java.lang.Class - Andmore Plugin started.
2019-05-04 10:28:55,469 [Worker-5] DEBUG class java.lang.Class - Starting Andmore Emulator Plugin...
2019-05-04 10:28:55,599 [Worker-5] DEBUG class java.lang.Class - Andmore Emulator Plugin started.
2019-05-04 10:28:55,883 [Worker-5] DEBUG class java.lang.Class - Starting Andmore Device Services Plugin...
2019-05-04 10:28:55,897 [Worker-5] DEBUG class java.lang.Class - Andmore Device Services Plugin started.
2019-05-04 10:28:55,948 [Worker-5] DEBUG class java.lang.Class - Starting Andmore Handset Plugin...
2019-05-04 10:28:55,949 [Worker-5] DEBUG class java.lang.Class - Andmore Handset Plugin started.
2019-05-04 10:28:55,993 [Worker-5] DEBUG class java.lang.Class - Starting Andmore Remote Device Plugin...
2019-05-04 10:28:56,025 [Worker-5] DEBUG class java.lang.Class - Starting Andmore Remote Device Plugin started.
2019-05-04 10:28:56,064 [Worker-5] ERROR Studio for Android - Handler could not be instanced(PLUGIN=org.eclipse.sequoyah.device.framework;ERROR=202)
2019-05-04 10:28:56,065 [Worker-5] ERROR Studio for Android - Handler could not be instanced(PLUGIN=org.eclipse.sequoyah.device.framework;ERROR=202)
2019-05-04 10:28:56,066 [Worker-5] ERROR Studio for Android - Handler could not be instanced(PLUGIN=org.eclipse.sequoyah.device.framework;ERROR=202)
2019-05-04 10:28:56,066 [Worker-5] ERROR Studio for Android - Handler could not be instanced(PLUGIN=org.eclipse.sequoyah.device.framework;ERROR=202)
2019-05-04 10:28:56,066 [Worker-5] ERROR Studio for Android - Handler could not be instanced(PLUGIN=org.eclipse.sequoyah.device.framework;ERROR=202)
2019-05-04 10:28:56,067 [Worker-5] ERROR Studio for Android - Handler could not be instanced(PLUGIN=org.eclipse.sequoyah.device.framework;ERROR=202)
2019-05-04 10:28:56,067 [Worker-5] ERROR Studio for Android - Handler could not be instanced(PLUGIN=org.eclipse.sequoyah.device.framework;ERROR=202)
2019-05-04 10:28:56,068 [Worker-5] ERROR Studio for Android - Handler could not be instanced(PLUGIN=org.eclipse.sequoyah.device.framework;ERROR=202)
2019-05-04 10:28:56,068 [Worker-5] ERROR Studio for Android - Handler could not be instanced(PLUGIN=org.eclipse.sequoyah.device.framework;ERROR=202)
2019-05-04 10:28:56,068 [Worker-5] ERROR Studio for Android - Handler could not be instanced(PLUGIN=org.eclipse.sequoyah.device.framework;ERROR=202)
2019-05-04 10:28:56,069 [Worker-5] ERROR Studio for Android - Handler could not be instanced(PLUGIN=org.eclipse.sequoyah.device.framework;ERROR=202)
2019-05-04 10:28:56,069 [Worker-5] ERROR Studio for Android - Handler could not be instanced(PLUGIN=org.eclipse.sequoyah.device.framework;ERROR=202)
2019-05-04 10:28:56,069 [Worker-5] ERROR Studio for Android - Handler could not be instanced(PLUGIN=org.eclipse.sequoyah.device.framework;ERROR=202)
2019-05-04 10:28:56,070 [Worker-5] ERROR Studio for Android - Handler could not be instanced(PLUGIN=org.eclipse.sequoyah.device.framework;ERROR=202)
2019-05-04 10:28:56,070 [Worker-5] ERROR Studio for Android - Handler could not be instanced(PLUGIN=org.eclipse.sequoyah.device.framework;ERROR=202)
2019-05-04 10:28:56,070 [Worker-5] ERROR Studio for Android - Handler could not be instanced(PLUGIN=org.eclipse.sequoyah.device.framework;ERROR=202)
2019-05-04 10:28:56,070 [Worker-5] ERROR Studio for Android - Handler could not be instanced(PLUGIN=org.eclipse.sequoyah.device.framework;ERROR=202)
2019-05-04 10:28:56,071 [Worker-5] ERROR Studio for Android - Handler could not be instanced(PLUGIN=org.eclipse.sequoyah.device.framework;ERROR=202)
2019-05-04 10:28:56,071 [Worker-5] ERROR Studio for Android - Handler could not be instanced(PLUGIN=org.eclipse.sequoyah.device.framework;ERROR=202)
2019-05-04 10:28:56,071 [Worker-5] ERROR Studio for Android - Handler could not be instanced(PLUGIN=org.eclipse.sequoyah.device.framework;ERROR=202)
2019-05-04 10:28:56,072 [Worker-5] ERROR Studio for Android - Handler could not be instanced(PLUGIN=org.eclipse.sequoyah.device.framework;ERROR=202)
2019-05-04 10:28:56,073 [Worker-5] ERROR Studio for Android - Handler could not be instanced(PLUGIN=org.eclipse.sequoyah.device.framework;ERROR=202)
2019-05-04 10:28:56,074 [Worker-5] ERROR Studio for Android - Handler could not be instanced(PLUGIN=org.eclipse.sequoyah.device.framework;ERROR=202)
2019-05-04 10:28:56,074 [Worker-5] ERROR Studio for Android - Handler could not be instanced(PLUGIN=org.eclipse.sequoyah.device.framework;ERROR=202)
2019-05-04 10:28:56,074 [Worker-5] ERROR Studio for Android - Handler could not be instanced(PLUGIN=org.eclipse.sequoyah.device.framework;ERROR=202)
2019-05-04 10:28:56,074 [Worker-5] ERROR Studio for Android - Handler could not be instanced(PLUGIN=org.eclipse.sequoyah.device.framework;ERROR=202)
2019-05-04 10:28:56,074 [Worker-5] ERROR Studio for Android - Handler could not be instanced(PLUGIN=org.eclipse.sequoyah.device.framework;ERROR=202)
2019-05-04 10:28:56,075 [Worker-5] ERROR Studio for Android - Handler could not be instanced(PLUGIN=org.eclipse.sequoyah.device.framework;ERROR=202)
2019-05-04 10:28:56,075 [Worker-5] ERROR Studio for Android - Handler could not be instanced(PLUGIN=org.eclipse.sequoyah.device.framework;ERROR=202)
2019-05-04 10:28:56,075 [Worker-5] ERROR Studio for Android - Handler could not be instanced(PLUGIN=org.eclipse.sequoyah.device.framework;ERROR=202)
2019-05-04 10:28:56,076 [Worker-5] INFO  Studio for Android - [Status: id=org.eclipse.andmore.android.emulator.status.offline;name=Offline]
2019-05-04 10:28:56,076 [Worker-5] INFO  Studio for Android - [Status: id=org.eclipse.andmore.android.handset.status.handsetonline;name=Online]
2019-05-04 10:28:56,076 [Worker-5] INFO  Studio for Android - [Status: id=INACTIVE;name=INACTIVE]
2019-05-04 10:28:56,076 [Worker-5] INFO  Studio for Android - [Status: id=org.eclipse.andmore.android.emulator.status.notavailable;name=Not available]
2019-05-04 10:28:56,076 [Worker-5] INFO  Studio for Android - [Status: id=IDLE;name=IDLE]
2019-05-04 10:28:56,076 [Worker-5] INFO  Studio for Android - [Status: id=org.eclipse.andmore.android.remote.status.connected;name=Connected]
2019-05-04 10:28:56,076 [Worker-5] INFO  Studio for Android - [Status: id=org.eclipse.andmore.android.remote.status.disconnected;name=Disconnected]
2019-05-04 10:28:56,076 [Worker-5] INFO  Studio for Android - [Status: id=org.eclipse.andmore.android.emulator.status.online;name=Online]
2019-05-04 10:28:56,076 [Worker-5] INFO  Studio for Android - [Status: id=OFF;name=OFF]
2019-05-04 10:28:56,076 [Worker-5] INFO  Studio for Android - [Status: id=org.eclipse.andmore.android.emulator.status.offlineNoData;name=Offline (no user data)]
2019-05-04 10:29:10,542 [Worker-6] DEBUG class org.eclipse.andmore.android.AndroidPlugin - Notify SDK loader listeners
2019-05-04 10:29:10,917 [Worker-8] DEBUG class org.eclipse.andmore.android.AndroidPlugin - Notify SDK loader listeners
2019-05-04 10:31:48,535 [Worker-10] DEBUG class org.eclipse.andmore.android.AndroidPlugin - Notify SDK loader listeners
2019-05-04 11:22:23,521 [main] DEBUG class java.lang.Class - Starting Eclipse Andmore Database Core Plugin...
2019-05-04 11:22:23,653 [main] DEBUG Studio for Android - JDBC Driver Location:bundleentry://541.fwk994632067/res/androidjdbc.jar JDBC Driver getBundle().getLocation():reference:file:/C:/Users/nicho/.p2/pool/plugins/org.eclipse.andmore.android.common_0.5.1.201701251432.jar
2019-05-04 11:22:23,653 [main] DEBUG Studio for Android - JDBC Driver Path:C:\Users\nicho\eclipse\java-neon\eclipse\configuration\org.eclipse.osgi\541\0\.cp\res\androidjdbc.jar
2019-05-04 11:22:23,653 [main] DEBUG Studio for Android - JDBC Driver Location:bundleentry://541.fwk994632067/res/androidjdbc.jar JDBC Driver getBundle().getLocation():reference:file:/C:/Users/nicho/.p2/pool/plugins/org.eclipse.andmore.android.common_0.5.1.201701251432.jar
2019-05-04 11:22:23,653 [main] DEBUG Studio for Android - JDBC Driver Path:C:\Users\nicho\eclipse\java-neon\eclipse\configuration\org.eclipse.osgi\541\0\.cp\res\androidjdbc.jar
2019-05-04 11:22:23,683 [main] DEBUG class java.lang.Class - Eclipse Andmore Database Core Plugin started.
2019-05-04 11:22:23,691 [main] DEBUG class java.lang.Class - Starting Eclipse Andmore Database Devices Support Plugin...
2019-05-04 11:22:23,693 [main] DEBUG class java.lang.Class - Eclipse Andmore Database Devices Support Plugin started...
2019-05-04 11:22:25,515 [Framework stop] DEBUG Studio for Android - org.eclipse.sequoyah.device.service.start.StartServicePlugin-SHUTDOWN
2019-05-04 11:22:25,530 [Framework stop] DEBUG Studio for Android - org.eclipse.sequoyah.device.framework.ui.DeviceUIPlugin-SHUTDOWN
2019-05-04 11:22:25,530 [Framework stop] DEBUG Studio for Android - org.eclipse.sequoyah.device.service.stop.StopServicePlugin-SHUTDOWN
2019-05-04 11:22:25,530 [Framework stop] DEBUG Studio for Android - org.eclipse.sequoyah.device.framework.DevicePlugin-SHUTDOWN
2019-05-04 11:30:57,897 [Worker-2] DEBUG class java.lang.Class - Starting Andmore Common Plugin...
2019-05-04 11:30:57,897 [Worker-2] DEBUG class java.lang.Class - Andmore Common Plugin started.
2019-05-04 11:30:57,898 [Worker-2] DEBUG class java.lang.Class - Starting Andmore Plugin...
2019-05-04 11:30:57,902 [Worker-2] DEBUG class java.lang.Class - Andmore Plugin started.
2019-05-04 11:31:04,294 [Worker-2] DEBUG class java.lang.Class - Starting Andmore Emulator Plugin...
2019-05-04 11:31:04,355 [Worker-2] DEBUG class java.lang.Class - Andmore Emulator Plugin started.
2019-05-04 11:31:04,428 [Worker-2] DEBUG class java.lang.Class - Starting Andmore Device Services Plugin...
2019-05-04 11:31:04,429 [Worker-2] DEBUG class java.lang.Class - Andmore Device Services Plugin started.
2019-05-04 11:31:04,481 [Worker-2] DEBUG class java.lang.Class - Starting Andmore Handset Plugin...
2019-05-04 11:31:04,482 [Worker-2] DEBUG class java.lang.Class - Andmore Handset Plugin started.
2019-05-04 11:31:04,501 [Worker-2] DEBUG class java.lang.Class - Starting Andmore Remote Device Plugin...
2019-05-04 11:31:04,538 [Worker-2] DEBUG class java.lang.Class - Starting Andmore Remote Device Plugin started.
2019-05-04 11:31:04,570 [Worker-2] ERROR Studio for Android - Handler could not be instanced(PLUGIN=org.eclipse.sequoyah.device.framework;ERROR=202)
2019-05-04 11:31:04,570 [Worker-2] ERROR Studio for Android - Handler could not be instanced(PLUGIN=org.eclipse.sequoyah.device.framework;ERROR=202)
2019-05-04 11:31:04,571 [Worker-2] ERROR Studio for Android - Handler could not be instanced(PLUGIN=org.eclipse.sequoyah.device.framework;ERROR=202)
2019-05-04 11:31:04,571 [Worker-2] ERROR Studio for Android - Handler could not be instanced(PLUGIN=org.eclipse.sequoyah.device.framework;ERROR=202)
2019-05-04 11:31:04,571 [Worker-2] ERROR Studio for Android - Handler could not be instanced(PLUGIN=org.eclipse.sequoyah.device.framework;ERROR=202)
2019-05-04 11:31:04,572 [Worker-2] ERROR Studio for Android - Handler could not be instanced(PLUGIN=org.eclipse.sequoyah.device.framework;ERROR=202)
2019-05-04 11:31:04,572 [Worker-2] ERROR Studio for Android - Handler could not be instanced(PLUGIN=org.eclipse.sequoyah.device.framework;ERROR=202)
2019-05-04 11:31:04,572 [Worker-2] ERROR Studio for Android - Handler could not be instanced(PLUGIN=org.eclipse.sequoyah.device.framework;ERROR=202)
2019-05-04 11:31:04,572 [Worker-2] ERROR Studio for Android - Handler could not be instanced(PLUGIN=org.eclipse.sequoyah.device.framework;ERROR=202)
2019-05-04 11:31:04,572 [Worker-2] ERROR Studio for Android - Handler could not be instanced(PLUGIN=org.eclipse.sequoyah.device.framework;ERROR=202)
2019-05-04 11:31:04,573 [Worker-2] ERROR Studio for Android - Handler could not be instanced(PLUGIN=org.eclipse.sequoyah.device.framework;ERROR=202)
2019-05-04 11:31:04,573 [Worker-2] ERROR Studio for Android - Handler could not be instanced(PLUGIN=org.eclipse.sequoyah.device.framework;ERROR=202)
2019-05-04 11:31:04,573 [Worker-2] ERROR Studio for Android - Handler could not be instanced(PLUGIN=org.eclipse.sequoyah.device.framework;ERROR=202)
2019-05-04 11:31:04,573 [Worker-2] ERROR Studio for Android - Handler could not be instanced(PLUGIN=org.eclipse.sequoyah.device.framework;ERROR=202)
2019-05-04 11:31:04,574 [Worker-2] ERROR Studio for Android - Handler could not be instanced(PLUGIN=org.eclipse.sequoyah.device.framework;ERROR=202)
2019-05-04 11:31:04,574 [Worker-2] ERROR Studio for Android - Handler could not be instanced(PLUGIN=org.eclipse.sequoyah.device.framework;ERROR=202)
2019-05-04 11:31:04,575 [Worker-2] ERROR Studio for Android - Handler could not be instanced(PLUGIN=org.eclipse.sequoyah.device.framework;ERROR=202)
2019-05-04 11:31:04,575 [Worker-2] ERROR Studio for Android - Handler could not be instanced(PLUGIN=org.eclipse.sequoyah.device.framework;ERROR=202)
2019-05-04 11:31:04,575 [Worker-2] ERROR Studio for Android - Handler could not be instanced(PLUGIN=org.eclipse.sequoyah.device.framework;ERROR=202)
2019-05-04 11:31:04,576 [Worker-2] ERROR Studio for Android - Handler could not be instanced(PLUGIN=org.eclipse.sequoyah.device.framework;ERROR=202)
2019-05-04 11:31:04,576 [Worker-2] ERROR Studio for Android - Handler could not be instanced(PLUGIN=org.eclipse.sequoyah.device.framework;ERROR=202)
2019-05-04 11:31:04,577 [Worker-2] ERROR Studio for Android - Handler could not be instanced(PLUGIN=org.eclipse.sequoyah.device.framework;ERROR=202)
2019-05-04 11:31:04,577 [Worker-2] ERROR Studio for Android - Handler could not be instanced(PLUGIN=org.eclipse.sequoyah.device.framework;ERROR=202)
2019-05-04 11:31:04,577 [Worker-2] ERROR Studio for Android - Handler could not be instanced(PLUGIN=org.eclipse.sequoyah.device.framework;ERROR=202)
2019-05-04 11:31:04,577 [Worker-2] ERROR Studio for Android - Handler could not be instanced(PLUGIN=org.eclipse.sequoyah.device.framework;ERROR=202)
2019-05-04 11:31:04,577 [Worker-2] ERROR Studio for Android - Handler could not be instanced(PLUGIN=org.eclipse.sequoyah.device.framework;ERROR=202)
2019-05-04 11:31:04,578 [Worker-2] ERROR Studio for Android - Handler could not be instanced(PLUGIN=org.eclipse.sequoyah.device.framework;ERROR=202)
2019-05-04 11:31:04,578 [Worker-2] ERROR Studio for Android - Handler could not be instanced(PLUGIN=org.eclipse.sequoyah.device.framework;ERROR=202)
2019-05-04 11:31:04,578 [Worker-2] ERROR Studio for Android - Handler could not be instanced(PLUGIN=org.eclipse.sequoyah.device.framework;ERROR=202)
2019-05-04 11:31:04,578 [Worker-2] ERROR Studio for Android - Handler could not be instanced(PLUGIN=org.eclipse.sequoyah.device.framework;ERROR=202)
2019-05-04 11:31:04,579 [Worker-2] INFO  Studio for Android - [Status: id=org.eclipse.andmore.android.emulator.status.offline;name=Offline]
2019-05-04 11:31:04,579 [Worker-2] INFO  Studio for Android - [Status: id=org.eclipse.andmore.android.handset.status.handsetonline;name=Online]
2019-05-04 11:31:04,579 [Worker-2] INFO  Studio for Android - [Status: id=INACTIVE;name=INACTIVE]
2019-05-04 11:31:04,579 [Worker-2] INFO  Studio for Android - [Status: id=org.eclipse.andmore.android.emulator.status.notavailable;name=Not available]
2019-05-04 11:31:04,579 [Worker-2] INFO  Studio for Android - [Status: id=IDLE;name=IDLE]
2019-05-04 11:31:04,579 [Worker-2] INFO  Studio for Android - [Status: id=org.eclipse.andmore.android.remote.status.connected;name=Connected]
2019-05-04 11:31:04,579 [Worker-2] INFO  Studio for Android - [Status: id=org.eclipse.andmore.android.remote.status.disconnected;name=Disconnected]
2019-05-04 11:31:04,579 [Worker-2] INFO  Studio for Android - [Status: id=org.eclipse.andmore.android.emulator.status.online;name=Online]
2019-05-04 11:31:04,579 [Worker-2] INFO  Studio for Android - [Status: id=OFF;name=OFF]
2019-05-04 11:31:04,579 [Worker-2] INFO  Studio for Android - [Status: id=org.eclipse.andmore.android.emulator.status.offlineNoData;name=Offline (no user data)]
2019-05-04 11:31:07,229 [Worker-1] DEBUG class org.eclipse.andmore.android.AndroidPlugin - Notify SDK loader listeners
2019-05-04 11:31:07,505 [Worker-9] DEBUG class org.eclipse.andmore.android.AndroidPlugin - Notify SDK loader listeners
2019-05-04 11:32:06,679 [Instance Event Manager] INFO  Studio for Android - The android device instance status was updated: Dev0 Status: OFF
2019-05-04 11:32:06,684 [Instance Event Manager] INFO  Studio for Android - The android device instance status was updated: Dev0 Status: org.eclipse.andmore.android.emulator.status.notavailable
2019-05-04 11:32:06,763 [main] ERROR class org.eclipse.andmore.android.emulator.device.ui.wizard.WizardMainPageOperation - Could not create AVD: Dev0
org.eclipse.core.runtime.CoreException: Could not create the Android Virtual Device: Dev0
	at org.eclipse.andmore.android.SdkUtils.createVm(SdkUtils.java:409)
	at org.eclipse.andmore.android.emulator.device.ui.wizard.WizardMainPageOperation.run(WizardMainPageOperation.java:52)
	at org.eclipse.jface.operation.ModalContext.runInCurrentThread(ModalContext.java:437)
	at org.eclipse.jface.operation.ModalContext.run(ModalContext.java:353)
	at org.eclipse.jface.wizard.WizardDialog.run(WizardDialog.java:993)
	at org.eclipse.sequoyah.device.framework.ui.wizard.DeviceTypeCustomMenuWizardPageHandler.performFinish(Unknown Source)
	at org.eclipse.sequoyah.device.framework.ui.wizard.NewDeviceMenuWizard.performFinish(Unknown Source)
	at org.eclipse.jface.wizard.WizardDialog.finishPressed(WizardDialog.java:790)
	at org.eclipse.jface.wizard.WizardDialog.buttonPressed(WizardDialog.java:423)
	at org.eclipse.jface.dialogs.Dialog$2.widgetSelected(Dialog.java:618)
	at org.eclipse.swt.widgets.TypedListener.handleEvent(TypedListener.java:249)
	at org.eclipse.swt.widgets.EventTable.sendEvent(EventTable.java:84)
	at org.eclipse.swt.widgets.Display.sendEvent(Display.java:4418)
	at org.eclipse.swt.widgets.Widget.sendEvent(Widget.java:1079)
	at org.eclipse.swt.widgets.Display.runDeferredEvents(Display.java:4236)
	at org.eclipse.swt.widgets.Display.readAndDispatch(Display.java:3824)
	at org.eclipse.jface.window.Window.runEventLoop(Window.java:818)
	at org.eclipse.jface.window.Window.open(Window.java:794)
	at org.eclipse.andmore.android.emulator.device.handlers.OpenNewDeviceWizardHandler$1.run(OpenNewDeviceWizardHandler.java:45)
	at org.eclipse.swt.widgets.RunnableLock.run(RunnableLock.java:35)
	at org.eclipse.swt.widgets.Synchronizer.runAsyncMessages(Synchronizer.java:182)
	at org.eclipse.swt.widgets.Display.runAsyncMessages(Display.java:4211)
	at org.eclipse.swt.widgets.Display.readAndDispatch(Display.java:3827)
	at org.eclipse.e4.ui.internal.workbench.swt.PartRenderingEngine$4.run(PartRenderingEngine.java:1121)
	at org.eclipse.core.databinding.observable.Realm.runWithDefault(Realm.java:336)
	at org.eclipse.e4.ui.internal.workbench.swt.PartRenderingEngine.run(PartRenderingEngine.java:1022)
	at org.eclipse.e4.ui.internal.workbench.E4Workbench.createAndRunUI(E4Workbench.java:150)
	at org.eclipse.ui.internal.Workbench$5.run(Workbench.java:693)
	at org.eclipse.core.databinding.observable.Realm.runWithDefault(Realm.java:336)
	at org.eclipse.ui.internal.Workbench.createAndRunWorkbench(Workbench.java:610)
	at org.eclipse.ui.PlatformUI.createAndRunWorkbench(PlatformUI.java:148)
	at org.eclipse.ui.internal.ide.application.IDEApplication.start(IDEApplication.java:138)
	at org.eclipse.equinox.internal.app.EclipseAppHandle.run(EclipseAppHandle.java:196)
	at org.eclipse.core.runtime.internal.adaptor.EclipseAppLauncher.runApplication(EclipseAppLauncher.java:134)
	at org.eclipse.core.runtime.internal.adaptor.EclipseAppLauncher.start(EclipseAppLauncher.java:104)
	at org.eclipse.core.runtime.adaptor.EclipseStarter.run(EclipseStarter.java:388)
	at org.eclipse.core.runtime.adaptor.EclipseStarter.run(EclipseStarter.java:243)
	at sun.reflect.NativeMethodAccessorImpl.invoke0(Native Method)
	at sun.reflect.NativeMethodAccessorImpl.invoke(Unknown Source)
	at sun.reflect.DelegatingMethodAccessorImpl.invoke(Unknown Source)
	at java.lang.reflect.Method.invoke(Unknown Source)
	at org.eclipse.equinox.launcher.Main.invokeFramework(Main.java:673)
	at org.eclipse.equinox.launcher.Main.basicRun(Main.java:610)
	at org.eclipse.equinox.launcher.Main.run(Main.java:1519)
2019-05-04 11:32:12,538 [Worker-0] DEBUG class org.eclipse.andmore.android.AndroidPlugin - Notify SDK loader listeners
2019-05-04 11:34:30,386 [main] DEBUG class java.lang.Class - Starting Eclipse Andmore Database Core Plugin...
2019-05-04 11:34:30,469 [main] DEBUG Studio for Android - JDBC Driver Location:bundleentry://541.fwk1966480630/res/androidjdbc.jar JDBC Driver getBundle().getLocation():reference:file:/C:/Users/nicho/.p2/pool/plugins/org.eclipse.andmore.android.common_0.5.1.201701251432.jar
2019-05-04 11:34:30,470 [main] DEBUG Studio for Android - JDBC Driver Path:C:\Users\nicho\eclipse\java-neon\eclipse\configuration\org.eclipse.osgi\541\0\.cp\res\androidjdbc.jar
2019-05-04 11:34:30,471 [main] DEBUG Studio for Android - JDBC Driver Location:bundleentry://541.fwk1966480630/res/androidjdbc.jar JDBC Driver getBundle().getLocation():reference:file:/C:/Users/nicho/.p2/pool/plugins/org.eclipse.andmore.android.common_0.5.1.201701251432.jar
2019-05-04 11:34:30,471 [main] DEBUG Studio for Android - JDBC Driver Path:C:\Users\nicho\eclipse\java-neon\eclipse\configuration\org.eclipse.osgi\541\0\.cp\res\androidjdbc.jar
2019-05-04 11:34:30,489 [main] DEBUG class java.lang.Class - Eclipse Andmore Database Core Plugin started.
2019-05-04 11:34:30,491 [main] DEBUG class java.lang.Class - Starting Eclipse Andmore Database Devices Support Plugin...
2019-05-04 11:34:30,496 [main] DEBUG class java.lang.Class - Eclipse Andmore Database Devices Support Plugin started...
2019-05-04 11:34:31,774 [Framework stop] DEBUG Studio for Android - org.eclipse.sequoyah.device.service.start.StartServicePlugin-SHUTDOWN
2019-05-04 11:34:31,800 [Framework stop] DEBUG Studio for Android - org.eclipse.sequoyah.device.framework.ui.DeviceUIPlugin-SHUTDOWN
2019-05-04 11:34:31,801 [Framework stop] DEBUG Studio for Android - org.eclipse.sequoyah.device.service.stop.StopServicePlugin-SHUTDOWN
2019-05-04 11:34:31,801 [Framework stop] DEBUG Studio for Android - org.eclipse.sequoyah.device.framework.DevicePlugin-SHUTDOWN
2019-05-04 11:45:05,470 [Worker-1] DEBUG class java.lang.Class - Starting Andmore Common Plugin...
2019-05-04 11:45:05,471 [Worker-1] DEBUG class java.lang.Class - Andmore Common Plugin started.
2019-05-04 11:45:05,471 [Worker-1] DEBUG class java.lang.Class - Starting Andmore Plugin...
2019-05-04 11:45:05,475 [Worker-1] DEBUG class java.lang.Class - Andmore Plugin started.
2019-05-04 11:45:05,514 [Worker-1] DEBUG class java.lang.Class - Starting Andmore Emulator Plugin...
2019-05-04 11:45:05,590 [Worker-1] DEBUG class java.lang.Class - Andmore Emulator Plugin started.
2019-05-04 11:45:05,643 [Worker-1] DEBUG class java.lang.Class - Starting Andmore Handset Plugin...
2019-05-04 11:45:05,644 [Worker-1] DEBUG class java.lang.Class - Andmore Handset Plugin started.
2019-05-04 11:45:05,651 [Worker-1] DEBUG class java.lang.Class - Starting Andmore Remote Device Plugin...
2019-05-04 11:45:05,652 [Worker-1] DEBUG class java.lang.Class - Starting Andmore Remote Device Plugin started.
2019-05-04 11:45:05,668 [Worker-1] DEBUG class java.lang.Class - Starting Andmore Device Services Plugin...
2019-05-04 11:45:05,669 [Worker-1] DEBUG class java.lang.Class - Andmore Device Services Plugin started.
2019-05-04 11:45:05,727 [Instance Event Manager] INFO  Studio for Android - The android device instance status was updated: Dev0 Status: OFF
2019-05-04 11:45:05,733 [Instance Event Manager] INFO  Studio for Android - The android device instance status was updated: Dev0 Status: org.eclipse.andmore.android.emulator.status.notavailable
2019-05-04 11:45:06,632 [Worker-1] ERROR Studio for Android - Handler could not be instanced(PLUGIN=org.eclipse.sequoyah.device.framework;ERROR=202)
2019-05-04 11:45:06,633 [Worker-1] ERROR Studio for Android - Handler could not be instanced(PLUGIN=org.eclipse.sequoyah.device.framework;ERROR=202)
2019-05-04 11:45:06,633 [Worker-1] ERROR Studio for Android - Handler could not be instanced(PLUGIN=org.eclipse.sequoyah.device.framework;ERROR=202)
2019-05-04 11:45:06,633 [Worker-1] ERROR Studio for Android - Handler could not be instanced(PLUGIN=org.eclipse.sequoyah.device.framework;ERROR=202)
2019-05-04 11:45:06,633 [Worker-1] ERROR Studio for Android - Handler could not be instanced(PLUGIN=org.eclipse.sequoyah.device.framework;ERROR=202)
2019-05-04 11:45:06,634 [Worker-1] ERROR Studio for Android - Handler could not be instanced(PLUGIN=org.eclipse.sequoyah.device.framework;ERROR=202)
2019-05-04 11:45:06,634 [Worker-1] ERROR Studio for Android - Handler could not be instanced(PLUGIN=org.eclipse.sequoyah.device.framework;ERROR=202)
2019-05-04 11:45:06,634 [Worker-1] ERROR Studio for Android - Handler could not be instanced(PLUGIN=org.eclipse.sequoyah.device.framework;ERROR=202)
2019-05-04 11:45:06,635 [Worker-1] ERROR Studio for Android - Handler could not be instanced(PLUGIN=org.eclipse.sequoyah.device.framework;ERROR=202)
2019-05-04 11:45:06,635 [Worker-1] ERROR Studio for Android - Handler could not be instanced(PLUGIN=org.eclipse.sequoyah.device.framework;ERROR=202)
2019-05-04 11:45:06,635 [Worker-1] ERROR Studio for Android - Handler could not be instanced(PLUGIN=org.eclipse.sequoyah.device.framework;ERROR=202)
2019-05-04 11:45:06,635 [Worker-1] ERROR Studio for Android - Handler could not be instanced(PLUGIN=org.eclipse.sequoyah.device.framework;ERROR=202)
2019-05-04 11:45:06,636 [Worker-1] ERROR Studio for Android - Handler could not be instanced(PLUGIN=org.eclipse.sequoyah.device.framework;ERROR=202)
2019-05-04 11:45:06,636 [Worker-1] ERROR Studio for Android - Handler could not be instanced(PLUGIN=org.eclipse.sequoyah.device.framework;ERROR=202)
2019-05-04 11:45:06,636 [Worker-1] ERROR Studio for Android - Handler could not be instanced(PLUGIN=org.eclipse.sequoyah.device.framework;ERROR=202)
2019-05-04 11:45:06,636 [Worker-1] ERROR Studio for Android - Handler could not be instanced(PLUGIN=org.eclipse.sequoyah.device.framework;ERROR=202)
2019-05-04 11:45:06,636 [Worker-1] ERROR Studio for Android - Handler could not be instanced(PLUGIN=org.eclipse.sequoyah.device.framework;ERROR=202)
2019-05-04 11:45:06,636 [Worker-1] ERROR Studio for Android - Handler could not be instanced(PLUGIN=org.eclipse.sequoyah.device.framework;ERROR=202)
2019-05-04 11:45:06,636 [Worker-1] ERROR Studio for Android - Handler could not be instanced(PLUGIN=org.eclipse.sequoyah.device.framework;ERROR=202)
2019-05-04 11:45:06,636 [Worker-1] ERROR Studio for Android - Handler could not be instanced(PLUGIN=org.eclipse.sequoyah.device.framework;ERROR=202)
2019-05-04 11:45:06,637 [Worker-1] ERROR Studio for Android - Handler could not be instanced(PLUGIN=org.eclipse.sequoyah.device.framework;ERROR=202)
2019-05-04 11:45:06,637 [Worker-1] ERROR Studio for Android - Handler could not be instanced(PLUGIN=org.eclipse.sequoyah.device.framework;ERROR=202)
2019-05-04 11:45:06,637 [Worker-1] ERROR Studio for Android - Handler could not be instanced(PLUGIN=org.eclipse.sequoyah.device.framework;ERROR=202)
2019-05-04 11:45:06,637 [Worker-1] ERROR Studio for Android - Handler could not be instanced(PLUGIN=org.eclipse.sequoyah.device.framework;ERROR=202)
2019-05-04 11:45:06,637 [Worker-1] ERROR Studio for Android - Handler could not be instanced(PLUGIN=org.eclipse.sequoyah.device.framework;ERROR=202)
2019-05-04 11:45:06,637 [Worker-1] ERROR Studio for Android - Handler could not be instanced(PLUGIN=org.eclipse.sequoyah.device.framework;ERROR=202)
2019-05-04 11:45:06,638 [Worker-1] ERROR Studio for Android - Handler could not be instanced(PLUGIN=org.eclipse.sequoyah.device.framework;ERROR=202)
2019-05-04 11:45:06,638 [Worker-1] ERROR Studio for Android - Handler could not be instanced(PLUGIN=org.eclipse.sequoyah.device.framework;ERROR=202)
2019-05-04 11:45:06,638 [Worker-1] ERROR Studio for Android - Handler could not be instanced(PLUGIN=org.eclipse.sequoyah.device.framework;ERROR=202)
2019-05-04 11:45:06,638 [Worker-1] ERROR Studio for Android - Handler could not be instanced(PLUGIN=org.eclipse.sequoyah.device.framework;ERROR=202)
2019-05-04 11:45:06,638 [Worker-1] INFO  Studio for Android - [Status: id=org.eclipse.andmore.android.emulator.status.offline;name=Offline]
2019-05-04 11:45:06,639 [Worker-1] INFO  Studio for Android - [Status: id=org.eclipse.andmore.android.handset.status.handsetonline;name=Online]
2019-05-04 11:45:06,639 [Worker-1] INFO  Studio for Android - [Status: id=INACTIVE;name=INACTIVE]
2019-05-04 11:45:06,639 [Worker-1] INFO  Studio for Android - [Status: id=org.eclipse.andmore.android.emulator.status.notavailable;name=Not available]
2019-05-04 11:45:06,639 [Worker-1] INFO  Studio for Android - [Status: id=IDLE;name=IDLE]
2019-05-04 11:45:06,639 [Worker-1] INFO  Studio for Android - [Status: id=org.eclipse.andmore.android.remote.status.connected;name=Connected]
2019-05-04 11:45:06,639 [Worker-1] INFO  Studio for Android - [Status: id=org.eclipse.andmore.android.remote.status.disconnected;name=Disconnected]
2019-05-04 11:45:06,639 [Worker-1] INFO  Studio for Android - [Status: id=org.eclipse.andmore.android.emulator.status.online;name=Online]
2019-05-04 11:45:06,639 [Worker-1] INFO  Studio for Android - [Status: id=OFF;name=OFF]
2019-05-04 11:45:06,639 [Worker-1] INFO  Studio for Android - [Status: id=org.eclipse.andmore.android.emulator.status.offlineNoData;name=Offline (no user data)]
2019-05-04 11:54:50,775 [Worker-8] DEBUG class org.eclipse.andmore.android.AndroidPlugin - Notify SDK loader listeners
2019-05-04 12:20:14,677 [Device List Monitor] DEBUG Studio for Android - Device disconnected: 04157df4e800991e
2019-05-04 12:20:19,726 [Device List Monitor] DEBUG Studio for Android - Device disconnected: 04157df4e800991e
2019-05-04 12:20:19,786 [Device List Monitor] DEBUG Studio for Android - Device disconnected: 04157df4e800991e
2019-05-04 12:20:27,141 [Device List Monitor] DEBUG Studio for Android - Device connected: 04157df4e800991e
2019-05-04 12:20:38,066 [Device List Monitor] DEBUG Studio for Android - Device changed: 04157df4e800991e
2019-05-04 12:28:58,081 [main] DEBUG class java.lang.Class - Starting Eclipse Andmore Database Core Plugin...
2019-05-04 12:28:59,593 [main] DEBUG Studio for Android - JDBC Driver Location:bundleentry://541.fwk1966480630/res/androidjdbc.jar JDBC Driver getBundle().getLocation():reference:file:/C:/Users/nicho/.p2/pool/plugins/org.eclipse.andmore.android.common_0.5.1.201701251432.jar
2019-05-04 12:28:59,595 [main] DEBUG Studio for Android - JDBC Driver Path:C:\Users\nicho\eclipse\java-neon\eclipse\configuration\org.eclipse.osgi\541\0\.cp\res\androidjdbc.jar
2019-05-04 12:28:59,595 [main] DEBUG Studio for Android - JDBC Driver Location:bundleentry://541.fwk1966480630/res/androidjdbc.jar JDBC Driver getBundle().getLocation():reference:file:/C:/Users/nicho/.p2/pool/plugins/org.eclipse.andmore.android.common_0.5.1.201701251432.jar
2019-05-04 12:28:59,595 [main] DEBUG Studio for Android - JDBC Driver Path:C:\Users\nicho\eclipse\java-neon\eclipse\configuration\org.eclipse.osgi\541\0\.cp\res\androidjdbc.jar
2019-05-04 12:28:59,608 [main] DEBUG class java.lang.Class - Eclipse Andmore Database Core Plugin started.
2019-05-04 12:28:59,610 [main] DEBUG class java.lang.Class - Starting Eclipse Andmore Database Devices Support Plugin...
2019-05-04 12:28:59,615 [main] DEBUG class java.lang.Class - Eclipse Andmore Database Devices Support Plugin started...
2019-05-04 12:29:02,707 [Framework stop] DEBUG Studio for Android - org.eclipse.sequoyah.device.service.start.StartServicePlugin-SHUTDOWN
2019-05-04 12:29:02,727 [Framework stop] DEBUG Studio for Android - org.eclipse.sequoyah.device.framework.ui.DeviceUIPlugin-SHUTDOWN
2019-05-04 12:29:02,727 [Framework stop] DEBUG Studio for Android - org.eclipse.sequoyah.device.service.stop.StopServicePlugin-SHUTDOWN
2019-05-04 12:29:02,728 [Framework stop] DEBUG Studio for Android - org.eclipse.sequoyah.device.framework.DevicePlugin-SHUTDOWN
2019-05-04 12:36:57,210 [Worker-3] DEBUG class java.lang.Class - Starting Andmore Common Plugin...
2019-05-04 12:36:57,210 [Worker-3] DEBUG class java.lang.Class - Andmore Common Plugin started.
2019-05-04 12:36:57,211 [Worker-3] DEBUG class java.lang.Class - Starting Andmore Plugin...
2019-05-04 12:36:57,215 [Worker-3] DEBUG class java.lang.Class - Andmore Plugin started.
2019-05-04 12:36:57,267 [Worker-3] DEBUG class java.lang.Class - Starting Andmore Emulator Plugin...
2019-05-04 12:36:57,304 [Worker-3] DEBUG class java.lang.Class - Andmore Emulator Plugin started.
2019-05-04 12:36:57,362 [Worker-3] DEBUG class java.lang.Class - Starting Andmore Handset Plugin...
2019-05-04 12:36:57,363 [Worker-3] DEBUG class java.lang.Class - Andmore Handset Plugin started.
2019-05-04 12:36:57,374 [Worker-3] DEBUG class java.lang.Class - Starting Andmore Remote Device Plugin...
2019-05-04 12:36:57,375 [Worker-3] DEBUG class java.lang.Class - Starting Andmore Remote Device Plugin started.
2019-05-04 12:36:57,403 [Worker-3] DEBUG class java.lang.Class - Starting Andmore Device Services Plugin...
2019-05-04 12:36:57,404 [Worker-3] DEBUG class java.lang.Class - Andmore Device Services Plugin started.
2019-05-04 12:36:57,481 [Instance Event Manager] INFO  Studio for Android - The android device instance status was updated: Dev0 Status: OFF
2019-05-04 12:36:57,486 [Instance Event Manager] INFO  Studio for Android - The android device instance status was updated: Dev0 Status: org.eclipse.andmore.android.emulator.status.notavailable
2019-05-04 12:36:58,365 [Worker-3] ERROR Studio for Android - Handler could not be instanced(PLUGIN=org.eclipse.sequoyah.device.framework;ERROR=202)
2019-05-04 12:36:58,366 [Worker-3] ERROR Studio for Android - Handler could not be instanced(PLUGIN=org.eclipse.sequoyah.device.framework;ERROR=202)
2019-05-04 12:36:58,366 [Worker-3] ERROR Studio for Android - Handler could not be instanced(PLUGIN=org.eclipse.sequoyah.device.framework;ERROR=202)
2019-05-04 12:36:58,367 [Worker-3] ERROR Studio for Android - Handler could not be instanced(PLUGIN=org.eclipse.sequoyah.device.framework;ERROR=202)
2019-05-04 12:36:58,367 [Worker-3] ERROR Studio for Android - Handler could not be instanced(PLUGIN=org.eclipse.sequoyah.device.framework;ERROR=202)
2019-05-04 12:36:58,367 [Worker-3] ERROR Studio for Android - Handler could not be instanced(PLUGIN=org.eclipse.sequoyah.device.framework;ERROR=202)
2019-05-04 12:36:58,367 [Worker-3] ERROR Studio for Android - Handler could not be instanced(PLUGIN=org.eclipse.sequoyah.device.framework;ERROR=202)
2019-05-04 12:36:58,367 [Worker-3] ERROR Studio for Android - Handler could not be instanced(PLUGIN=org.eclipse.sequoyah.device.framework;ERROR=202)
2019-05-04 12:36:58,368 [Worker-3] ERROR Studio for Android - Handler could not be instanced(PLUGIN=org.eclipse.sequoyah.device.framework;ERROR=202)
2019-05-04 12:36:58,368 [Worker-3] ERROR Studio for Android - Handler could not be instanced(PLUGIN=org.eclipse.sequoyah.device.framework;ERROR=202)
2019-05-04 12:36:58,368 [Worker-3] ERROR Studio for Android - Handler could not be instanced(PLUGIN=org.eclipse.sequoyah.device.framework;ERROR=202)
2019-05-04 12:36:58,369 [Worker-3] ERROR Studio for Android - Handler could not be instanced(PLUGIN=org.eclipse.sequoyah.device.framework;ERROR=202)
2019-05-04 12:36:58,369 [Worker-3] ERROR Studio for Android - Handler could not be instanced(PLUGIN=org.eclipse.sequoyah.device.framework;ERROR=202)
2019-05-04 12:36:58,369 [Worker-3] ERROR Studio for Android - Handler could not be instanced(PLUGIN=org.eclipse.sequoyah.device.framework;ERROR=202)
2019-05-04 12:36:58,369 [Worker-3] ERROR Studio for Android - Handler could not be instanced(PLUGIN=org.eclipse.sequoyah.device.framework;ERROR=202)
2019-05-04 12:36:58,370 [Worker-3] ERROR Studio for Android - Handler could not be instanced(PLUGIN=org.eclipse.sequoyah.device.framework;ERROR=202)
2019-05-04 12:36:58,370 [Worker-3] ERROR Studio for Android - Handler could not be instanced(PLUGIN=org.eclipse.sequoyah.device.framework;ERROR=202)
2019-05-04 12:36:58,370 [Worker-3] ERROR Studio for Android - Handler could not be instanced(PLUGIN=org.eclipse.sequoyah.device.framework;ERROR=202)
2019-05-04 12:36:58,370 [Worker-3] ERROR Studio for Android - Handler could not be instanced(PLUGIN=org.eclipse.sequoyah.device.framework;ERROR=202)
2019-05-04 12:36:58,370 [Worker-3] ERROR Studio for Android - Handler could not be instanced(PLUGIN=org.eclipse.sequoyah.device.framework;ERROR=202)
2019-05-04 12:36:58,371 [Worker-3] ERROR Studio for Android - Handler could not be instanced(PLUGIN=org.eclipse.sequoyah.device.framework;ERROR=202)
2019-05-04 12:36:58,371 [Worker-3] ERROR Studio for Android - Handler could not be instanced(PLUGIN=org.eclipse.sequoyah.device.framework;ERROR=202)
2019-05-04 12:36:58,371 [Worker-3] ERROR Studio for Android - Handler could not be instanced(PLUGIN=org.eclipse.sequoyah.device.framework;ERROR=202)
2019-05-04 12:36:58,371 [Worker-3] ERROR Studio for Android - Handler could not be instanced(PLUGIN=org.eclipse.sequoyah.device.framework;ERROR=202)
2019-05-04 12:36:58,371 [Worker-3] ERROR Studio for Android - Handler could not be instanced(PLUGIN=org.eclipse.sequoyah.device.framework;ERROR=202)
2019-05-04 12:36:58,371 [Worker-3] ERROR Studio for Android - Handler could not be instanced(PLUGIN=org.eclipse.sequoyah.device.framework;ERROR=202)
2019-05-04 12:36:58,372 [Worker-3] ERROR Studio for Android - Handler could not be instanced(PLUGIN=org.eclipse.sequoyah.device.framework;ERROR=202)
2019-05-04 12:36:58,372 [Worker-3] ERROR Studio for Android - Handler could not be instanced(PLUGIN=org.eclipse.sequoyah.device.framework;ERROR=202)
2019-05-04 12:36:58,372 [Worker-3] ERROR Studio for Android - Handler could not be instanced(PLUGIN=org.eclipse.sequoyah.device.framework;ERROR=202)
2019-05-04 12:36:58,372 [Worker-3] ERROR Studio for Android - Handler could not be instanced(PLUGIN=org.eclipse.sequoyah.device.framework;ERROR=202)
2019-05-04 12:36:58,373 [Worker-3] INFO  Studio for Android - [Status: id=org.eclipse.andmore.android.emulator.status.offline;name=Offline]
2019-05-04 12:36:58,373 [Worker-3] INFO  Studio for Android - [Status: id=org.eclipse.andmore.android.handset.status.handsetonline;name=Online]
2019-05-04 12:36:58,373 [Worker-3] INFO  Studio for Android - [Status: id=INACTIVE;name=INACTIVE]
2019-05-04 12:36:58,373 [Worker-3] INFO  Studio for Android - [Status: id=org.eclipse.andmore.android.emulator.status.notavailable;name=Not available]
2019-05-04 12:36:58,373 [Worker-3] INFO  Studio for Android - [Status: id=IDLE;name=IDLE]
2019-05-04 12:36:58,373 [Worker-3] INFO  Studio for Android - [Status: id=org.eclipse.andmore.android.remote.status.connected;name=Connected]
2019-05-04 12:36:58,373 [Worker-3] INFO  Studio for Android - [Status: id=org.eclipse.andmore.android.remote.status.disconnected;name=Disconnected]
2019-05-04 12:36:58,373 [Worker-3] INFO  Studio for Android - [Status: id=org.eclipse.andmore.android.emulator.status.online;name=Online]
2019-05-04 12:36:58,373 [Worker-3] INFO  Studio for Android - [Status: id=OFF;name=OFF]
2019-05-04 12:36:58,373 [Worker-3] INFO  Studio for Android - [Status: id=org.eclipse.andmore.android.emulator.status.offlineNoData;name=Offline (no user data)]
2019-05-04 13:50:40,376 [main] DEBUG class java.lang.Class - Starting Eclipse Andmore Database Core Plugin...
2019-05-04 13:50:40,517 [main] DEBUG Studio for Android - JDBC Driver Location:bundleentry://541.fwk1966480630/res/androidjdbc.jar JDBC Driver getBundle().getLocation():reference:file:/C:/Users/nicho/.p2/pool/plugins/org.eclipse.andmore.android.common_0.5.1.201701251432.jar
2019-05-04 13:50:40,517 [main] DEBUG Studio for Android - JDBC Driver Path:C:\Users\nicho\eclipse\java-neon\eclipse\configuration\org.eclipse.osgi\541\0\.cp\res\androidjdbc.jar
2019-05-04 13:50:40,517 [main] DEBUG Studio for Android - JDBC Driver Location:bundleentry://541.fwk1966480630/res/androidjdbc.jar JDBC Driver getBundle().getLocation():reference:file:/C:/Users/nicho/.p2/pool/plugins/org.eclipse.andmore.android.common_0.5.1.201701251432.jar
2019-05-04 13:50:40,517 [main] DEBUG Studio for Android - JDBC Driver Path:C:\Users\nicho\eclipse\java-neon\eclipse\configuration\org.eclipse.osgi\541\0\.cp\res\androidjdbc.jar
2019-05-04 13:50:40,533 [main] DEBUG class java.lang.Class - Eclipse Andmore Database Core Plugin started.
2019-05-04 13:50:40,533 [main] DEBUG class java.lang.Class - Starting Eclipse Andmore Database Devices Support Plugin...
2019-05-04 13:50:40,548 [main] DEBUG class java.lang.Class - Eclipse Andmore Database Devices Support Plugin started...
2019-05-04 13:50:41,861 [Framework stop] DEBUG Studio for Android - org.eclipse.sequoyah.device.service.start.StartServicePlugin-SHUTDOWN
2019-05-04 13:50:41,876 [Framework stop] DEBUG Studio for Android - org.eclipse.sequoyah.device.framework.ui.DeviceUIPlugin-SHUTDOWN
2019-05-04 13:50:41,876 [Framework stop] DEBUG Studio for Android - org.eclipse.sequoyah.device.service.stop.StopServicePlugin-SHUTDOWN
2019-05-04 13:50:41,876 [Framework stop] DEBUG Studio for Android - org.eclipse.sequoyah.device.framework.DevicePlugin-SHUTDOWN
2019-05-04 14:13:02,310 [Worker-5] DEBUG class java.lang.Class - Starting Andmore Common Plugin...
2019-05-04 14:13:02,311 [Worker-5] DEBUG class java.lang.Class - Andmore Common Plugin started.
2019-05-04 14:13:02,311 [Worker-5] DEBUG class java.lang.Class - Starting Andmore Plugin...
2019-05-04 14:13:02,343 [Worker-5] DEBUG class java.lang.Class - Andmore Plugin started.
2019-05-04 14:13:08,459 [Worker-5] DEBUG class java.lang.Class - Starting Andmore Emulator Plugin...
2019-05-04 14:13:08,525 [Worker-5] DEBUG class java.lang.Class - Andmore Emulator Plugin started.
2019-05-04 14:13:08,596 [Worker-5] DEBUG class java.lang.Class - Starting Andmore Handset Plugin...
2019-05-04 14:13:08,597 [Worker-5] DEBUG class java.lang.Class - Andmore Handset Plugin started.
2019-05-04 14:13:08,607 [Worker-5] DEBUG class java.lang.Class - Starting Andmore Remote Device Plugin...
2019-05-04 14:13:08,613 [Worker-5] DEBUG class java.lang.Class - Starting Andmore Remote Device Plugin started.
2019-05-04 14:13:08,632 [Worker-5] DEBUG class java.lang.Class - Starting Andmore Device Services Plugin...
2019-05-04 14:13:08,633 [Worker-5] DEBUG class java.lang.Class - Andmore Device Services Plugin started.
2019-05-04 14:13:08,811 [Worker-5] ERROR Studio for Android - Handler could not be instanced(PLUGIN=org.eclipse.sequoyah.device.framework;ERROR=202)
2019-05-04 14:13:08,844 [Worker-5] ERROR Studio for Android - Handler could not be instanced(PLUGIN=org.eclipse.sequoyah.device.framework;ERROR=202)
2019-05-04 14:13:08,845 [Worker-5] ERROR Studio for Android - Handler could not be instanced(PLUGIN=org.eclipse.sequoyah.device.framework;ERROR=202)
2019-05-04 14:13:08,845 [Worker-5] ERROR Studio for Android - Handler could not be instanced(PLUGIN=org.eclipse.sequoyah.device.framework;ERROR=202)
2019-05-04 14:13:08,845 [Worker-5] ERROR Studio for Android - Handler could not be instanced(PLUGIN=org.eclipse.sequoyah.device.framework;ERROR=202)
2019-05-04 14:13:08,845 [Worker-5] ERROR Studio for Android - Handler could not be instanced(PLUGIN=org.eclipse.sequoyah.device.framework;ERROR=202)
2019-05-04 14:13:08,846 [Worker-5] ERROR Studio for Android - Handler could not be instanced(PLUGIN=org.eclipse.sequoyah.device.framework;ERROR=202)
2019-05-04 14:13:08,846 [Worker-5] ERROR Studio for Android - Handler could not be instanced(PLUGIN=org.eclipse.sequoyah.device.framework;ERROR=202)
2019-05-04 14:13:08,846 [Worker-5] ERROR Studio for Android - Handler could not be instanced(PLUGIN=org.eclipse.sequoyah.device.framework;ERROR=202)
2019-05-04 14:13:08,846 [Worker-5] ERROR Studio for Android - Handler could not be instanced(PLUGIN=org.eclipse.sequoyah.device.framework;ERROR=202)
2019-05-04 14:13:08,847 [Worker-5] ERROR Studio for Android - Handler could not be instanced(PLUGIN=org.eclipse.sequoyah.device.framework;ERROR=202)
2019-05-04 14:13:08,763 [Instance Event Manager] INFO  Studio for Android - The android device instance status was updated: Dev0 Status: OFF
2019-05-04 14:13:08,847 [Worker-5] ERROR Studio for Android - Handler could not be instanced(PLUGIN=org.eclipse.sequoyah.device.framework;ERROR=202)
2019-05-04 14:13:08,899 [Worker-5] ERROR Studio for Android - Handler could not be instanced(PLUGIN=org.eclipse.sequoyah.device.framework;ERROR=202)
2019-05-04 14:13:08,899 [Worker-5] ERROR Studio for Android - Handler could not be instanced(PLUGIN=org.eclipse.sequoyah.device.framework;ERROR=202)
2019-05-04 14:13:08,903 [Worker-5] ERROR Studio for Android - Handler could not be instanced(PLUGIN=org.eclipse.sequoyah.device.framework;ERROR=202)
2019-05-04 14:13:08,904 [Worker-5] ERROR Studio for Android - Handler could not be instanced(PLUGIN=org.eclipse.sequoyah.device.framework;ERROR=202)
2019-05-04 14:13:08,904 [Worker-5] ERROR Studio for Android - Handler could not be instanced(PLUGIN=org.eclipse.sequoyah.device.framework;ERROR=202)
2019-05-04 14:13:08,904 [Worker-5] ERROR Studio for Android - Handler could not be instanced(PLUGIN=org.eclipse.sequoyah.device.framework;ERROR=202)
2019-05-04 14:13:08,904 [Worker-5] ERROR Studio for Android - Handler could not be instanced(PLUGIN=org.eclipse.sequoyah.device.framework;ERROR=202)
2019-05-04 14:13:08,905 [Worker-5] ERROR Studio for Android - Handler could not be instanced(PLUGIN=org.eclipse.sequoyah.device.framework;ERROR=202)
2019-05-04 14:13:08,905 [Worker-5] ERROR Studio for Android - Handler could not be instanced(PLUGIN=org.eclipse.sequoyah.device.framework;ERROR=202)
2019-05-04 14:13:08,905 [Worker-5] ERROR Studio for Android - Handler could not be instanced(PLUGIN=org.eclipse.sequoyah.device.framework;ERROR=202)
2019-05-04 14:13:08,905 [Worker-5] ERROR Studio for Android - Handler could not be instanced(PLUGIN=org.eclipse.sequoyah.device.framework;ERROR=202)
2019-05-04 14:13:08,906 [Worker-5] ERROR Studio for Android - Handler could not be instanced(PLUGIN=org.eclipse.sequoyah.device.framework;ERROR=202)
2019-05-04 14:13:08,906 [Worker-5] ERROR Studio for Android - Handler could not be instanced(PLUGIN=org.eclipse.sequoyah.device.framework;ERROR=202)
2019-05-04 14:13:08,907 [Worker-5] ERROR Studio for Android - Handler could not be instanced(PLUGIN=org.eclipse.sequoyah.device.framework;ERROR=202)
2019-05-04 14:13:08,907 [Worker-5] ERROR Studio for Android - Handler could not be instanced(PLUGIN=org.eclipse.sequoyah.device.framework;ERROR=202)
2019-05-04 14:13:08,907 [Worker-5] ERROR Studio for Android - Handler could not be instanced(PLUGIN=org.eclipse.sequoyah.device.framework;ERROR=202)
2019-05-04 14:13:08,908 [Worker-5] ERROR Studio for Android - Handler could not be instanced(PLUGIN=org.eclipse.sequoyah.device.framework;ERROR=202)
2019-05-04 14:13:08,908 [Worker-5] ERROR Studio for Android - Handler could not be instanced(PLUGIN=org.eclipse.sequoyah.device.framework;ERROR=202)
2019-05-04 14:13:08,908 [Instance Event Manager] INFO  Studio for Android - The android device instance status was updated: Dev0 Status: org.eclipse.andmore.android.emulator.status.notavailable
2019-05-04 14:13:08,909 [Worker-5] INFO  Studio for Android - [Status: id=org.eclipse.andmore.android.emulator.status.offline;name=Offline]
2019-05-04 14:13:08,909 [Worker-5] INFO  Studio for Android - [Status: id=org.eclipse.andmore.android.handset.status.handsetonline;name=Online]
2019-05-04 14:13:08,909 [Worker-5] INFO  Studio for Android - [Status: id=INACTIVE;name=INACTIVE]
2019-05-04 14:13:08,909 [Worker-5] INFO  Studio for Android - [Status: id=org.eclipse.andmore.android.emulator.status.notavailable;name=Not available]
2019-05-04 14:13:08,909 [Worker-5] INFO  Studio for Android - [Status: id=IDLE;name=IDLE]
2019-05-04 14:13:08,909 [Worker-5] INFO  Studio for Android - [Status: id=org.eclipse.andmore.android.remote.status.connected;name=Connected]
2019-05-04 14:13:08,909 [Worker-5] INFO  Studio for Android - [Status: id=org.eclipse.andmore.android.remote.status.disconnected;name=Disconnected]
2019-05-04 14:13:08,909 [Worker-5] INFO  Studio for Android - [Status: id=org.eclipse.andmore.android.emulator.status.online;name=Online]
2019-05-04 14:13:08,909 [Worker-5] INFO  Studio for Android - [Status: id=OFF;name=OFF]
2019-05-04 14:13:08,909 [Worker-5] INFO  Studio for Android - [Status: id=org.eclipse.andmore.android.emulator.status.offlineNoData;name=Offline (no user data)]
2019-05-04 14:13:10,986 [Worker-3] DEBUG class org.eclipse.andmore.android.AndroidPlugin - Notify SDK loader listeners
2019-05-04 14:13:11,962 [Worker-7] DEBUG class org.eclipse.andmore.android.AndroidPlugin - Notify SDK loader listeners
2019-05-04 14:13:12,954 [Instance Event Manager] INFO  Studio for Android - The android device instance status was updated: Pixel_2_API_28 Status: OFF
2019-05-04 14:13:12,955 [Instance Event Manager] INFO  Studio for Android - The android device instance status was updated: Pixel_2_API_28 Status: org.eclipse.andmore.android.emulator.status.notavailable
2019-05-04 14:13:14,007 [Worker-3] INFO  Studio for Android - Added instance Pixel_2_API_28 using default emulator definitions 
2019-05-04 14:17:03,737 [main] DEBUG class java.lang.Class - Starting Eclipse Andmore Database Core Plugin...
2019-05-04 14:17:03,887 [main] DEBUG Studio for Android - JDBC Driver Location:bundleentry://541.fwk1966480630/res/androidjdbc.jar JDBC Driver getBundle().getLocation():reference:file:/C:/Users/nicho/.p2/pool/plugins/org.eclipse.andmore.android.common_0.5.1.201701251432.jar
2019-05-04 14:17:03,889 [main] DEBUG Studio for Android - JDBC Driver Path:C:\Users\nicho\eclipse\java-neon\eclipse\configuration\org.eclipse.osgi\541\0\.cp\res\androidjdbc.jar
2019-05-04 14:17:03,889 [main] DEBUG Studio for Android - JDBC Driver Location:bundleentry://541.fwk1966480630/res/androidjdbc.jar JDBC Driver getBundle().getLocation():reference:file:/C:/Users/nicho/.p2/pool/plugins/org.eclipse.andmore.android.common_0.5.1.201701251432.jar
2019-05-04 14:17:03,889 [main] DEBUG Studio for Android - JDBC Driver Path:C:\Users\nicho\eclipse\java-neon\eclipse\configuration\org.eclipse.osgi\541\0\.cp\res\androidjdbc.jar
2019-05-04 14:17:03,918 [main] DEBUG class java.lang.Class - Eclipse Andmore Database Core Plugin started.
2019-05-04 14:17:03,919 [main] DEBUG class java.lang.Class - Starting Eclipse Andmore Database Devices Support Plugin...
2019-05-04 14:17:03,925 [main] DEBUG class java.lang.Class - Eclipse Andmore Database Devices Support Plugin started...
2019-05-04 14:17:05,442 [Framework stop] DEBUG Studio for Android - org.eclipse.sequoyah.device.service.start.StartServicePlugin-SHUTDOWN
2019-05-04 14:17:05,457 [Framework stop] DEBUG Studio for Android - org.eclipse.sequoyah.device.framework.ui.DeviceUIPlugin-SHUTDOWN
2019-05-04 14:17:05,458 [Framework stop] DEBUG Studio for Android - org.eclipse.sequoyah.device.service.stop.StopServicePlugin-SHUTDOWN
2019-05-04 14:17:05,458 [Framework stop] DEBUG Studio for Android - org.eclipse.sequoyah.device.framework.DevicePlugin-SHUTDOWN
2019-05-04 19:28:51,639 [Worker-3] DEBUG class java.lang.Class - Starting Andmore Common Plugin...
2019-05-04 19:28:51,640 [Worker-3] DEBUG class java.lang.Class - Andmore Common Plugin started.
2019-05-04 19:28:51,641 [Worker-3] DEBUG class java.lang.Class - Starting Andmore Plugin...
2019-05-04 19:28:51,644 [Worker-3] DEBUG class java.lang.Class - Andmore Plugin started.
2019-05-04 19:28:51,738 [Worker-3] DEBUG class java.lang.Class - Starting Andmore Emulator Plugin...
2019-05-04 19:28:51,794 [Worker-3] DEBUG class java.lang.Class - Andmore Emulator Plugin started.
2019-05-04 19:28:51,858 [Worker-3] DEBUG class java.lang.Class - Starting Andmore Handset Plugin...
2019-05-04 19:28:51,859 [Worker-3] DEBUG class java.lang.Class - Andmore Handset Plugin started.
2019-05-04 19:28:51,873 [Worker-3] DEBUG class java.lang.Class - Starting Andmore Remote Device Plugin...
2019-05-04 19:28:51,875 [Worker-3] DEBUG class java.lang.Class - Starting Andmore Remote Device Plugin started.
2019-05-04 19:28:51,901 [Worker-3] DEBUG class java.lang.Class - Starting Andmore Device Services Plugin...
2019-05-04 19:28:51,902 [Worker-3] DEBUG class java.lang.Class - Andmore Device Services Plugin started.
2019-05-04 19:28:51,984 [Instance Event Manager] INFO  Studio for Android - The android device instance status was updated: Pixel_2_API_28 Status: OFF
2019-05-04 19:28:51,989 [Instance Event Manager] INFO  Studio for Android - The android device instance status was updated: Dev0 Status: OFF
2019-05-04 19:28:51,994 [Instance Event Manager] INFO  Studio for Android - The android device instance status was updated: Pixel_2_API_28 Status: org.eclipse.andmore.android.emulator.status.notavailable
2019-05-04 19:28:51,994 [Instance Event Manager] INFO  Studio for Android - The android device instance status was updated: Dev0 Status: org.eclipse.andmore.android.emulator.status.notavailable
2019-05-04 19:28:52,921 [Worker-3] ERROR Studio for Android - Handler could not be instanced(PLUGIN=org.eclipse.sequoyah.device.framework;ERROR=202)
2019-05-04 19:28:52,922 [Worker-3] ERROR Studio for Android - Handler could not be instanced(PLUGIN=org.eclipse.sequoyah.device.framework;ERROR=202)
2019-05-04 19:28:52,922 [Worker-3] ERROR Studio for Android - Handler could not be instanced(PLUGIN=org.eclipse.sequoyah.device.framework;ERROR=202)
2019-05-04 19:28:52,923 [Worker-3] ERROR Studio for Android - Handler could not be instanced(PLUGIN=org.eclipse.sequoyah.device.framework;ERROR=202)
2019-05-04 19:28:52,923 [Worker-3] ERROR Studio for Android - Handler could not be instanced(PLUGIN=org.eclipse.sequoyah.device.framework;ERROR=202)
2019-05-04 19:28:52,923 [Worker-3] ERROR Studio for Android - Handler could not be instanced(PLUGIN=org.eclipse.sequoyah.device.framework;ERROR=202)
2019-05-04 19:28:52,923 [Worker-3] ERROR Studio for Android - Handler could not be instanced(PLUGIN=org.eclipse.sequoyah.device.framework;ERROR=202)
2019-05-04 19:28:52,924 [Worker-3] ERROR Studio for Android - Handler could not be instanced(PLUGIN=org.eclipse.sequoyah.device.framework;ERROR=202)
2019-05-04 19:28:52,924 [Worker-3] ERROR Studio for Android - Handler could not be instanced(PLUGIN=org.eclipse.sequoyah.device.framework;ERROR=202)
2019-05-04 19:28:52,924 [Worker-3] ERROR Studio for Android - Handler could not be instanced(PLUGIN=org.eclipse.sequoyah.device.framework;ERROR=202)
2019-05-04 19:28:52,925 [Worker-3] ERROR Studio for Android - Handler could not be instanced(PLUGIN=org.eclipse.sequoyah.device.framework;ERROR=202)
2019-05-04 19:28:52,925 [Worker-3] ERROR Studio for Android - Handler could not be instanced(PLUGIN=org.eclipse.sequoyah.device.framework;ERROR=202)
2019-05-04 19:28:52,925 [Worker-3] ERROR Studio for Android - Handler could not be instanced(PLUGIN=org.eclipse.sequoyah.device.framework;ERROR=202)
2019-05-04 19:28:52,925 [Worker-3] ERROR Studio for Android - Handler could not be instanced(PLUGIN=org.eclipse.sequoyah.device.framework;ERROR=202)
2019-05-04 19:28:52,925 [Worker-3] ERROR Studio for Android - Handler could not be instanced(PLUGIN=org.eclipse.sequoyah.device.framework;ERROR=202)
2019-05-04 19:28:52,926 [Worker-3] ERROR Studio for Android - Handler could not be instanced(PLUGIN=org.eclipse.sequoyah.device.framework;ERROR=202)
2019-05-04 19:28:52,926 [Worker-3] ERROR Studio for Android - Handler could not be instanced(PLUGIN=org.eclipse.sequoyah.device.framework;ERROR=202)
2019-05-04 19:28:52,926 [Worker-3] ERROR Studio for Android - Handler could not be instanced(PLUGIN=org.eclipse.sequoyah.device.framework;ERROR=202)
2019-05-04 19:28:52,926 [Worker-3] ERROR Studio for Android - Handler could not be instanced(PLUGIN=org.eclipse.sequoyah.device.framework;ERROR=202)
2019-05-04 19:28:52,926 [Worker-3] ERROR Studio for Android - Handler could not be instanced(PLUGIN=org.eclipse.sequoyah.device.framework;ERROR=202)
2019-05-04 19:28:52,926 [Worker-3] ERROR Studio for Android - Handler could not be instanced(PLUGIN=org.eclipse.sequoyah.device.framework;ERROR=202)
2019-05-04 19:28:52,926 [Worker-3] ERROR Studio for Android - Handler could not be instanced(PLUGIN=org.eclipse.sequoyah.device.framework;ERROR=202)
2019-05-04 19:28:52,926 [Worker-3] ERROR Studio for Android - Handler could not be instanced(PLUGIN=org.eclipse.sequoyah.device.framework;ERROR=202)
2019-05-04 19:28:52,927 [Worker-3] ERROR Studio for Android - Handler could not be instanced(PLUGIN=org.eclipse.sequoyah.device.framework;ERROR=202)
2019-05-04 19:28:52,927 [Worker-3] ERROR Studio for Android - Handler could not be instanced(PLUGIN=org.eclipse.sequoyah.device.framework;ERROR=202)
2019-05-04 19:28:52,927 [Worker-3] ERROR Studio for Android - Handler could not be instanced(PLUGIN=org.eclipse.sequoyah.device.framework;ERROR=202)
2019-05-04 19:28:52,928 [Worker-3] ERROR Studio for Android - Handler could not be instanced(PLUGIN=org.eclipse.sequoyah.device.framework;ERROR=202)
2019-05-04 19:28:52,928 [Worker-3] ERROR Studio for Android - Handler could not be instanced(PLUGIN=org.eclipse.sequoyah.device.framework;ERROR=202)
2019-05-04 19:28:52,928 [Worker-3] ERROR Studio for Android - Handler could not be instanced(PLUGIN=org.eclipse.sequoyah.device.framework;ERROR=202)
2019-05-04 19:28:52,928 [Worker-3] ERROR Studio for Android - Handler could not be instanced(PLUGIN=org.eclipse.sequoyah.device.framework;ERROR=202)
2019-05-04 19:28:52,929 [Worker-3] INFO  Studio for Android - [Status: id=org.eclipse.andmore.android.emulator.status.offline;name=Offline]
2019-05-04 19:28:52,929 [Worker-3] INFO  Studio for Android - [Status: id=org.eclipse.andmore.android.handset.status.handsetonline;name=Online]
2019-05-04 19:28:52,929 [Worker-3] INFO  Studio for Android - [Status: id=INACTIVE;name=INACTIVE]
2019-05-04 19:28:52,929 [Worker-3] INFO  Studio for Android - [Status: id=org.eclipse.andmore.android.emulator.status.notavailable;name=Not available]
2019-05-04 19:28:52,929 [Worker-3] INFO  Studio for Android - [Status: id=IDLE;name=IDLE]
2019-05-04 19:28:52,929 [Worker-3] INFO  Studio for Android - [Status: id=org.eclipse.andmore.android.remote.status.connected;name=Connected]
2019-05-04 19:28:52,929 [Worker-3] INFO  Studio for Android - [Status: id=org.eclipse.andmore.android.remote.status.disconnected;name=Disconnected]
2019-05-04 19:28:52,929 [Worker-3] INFO  Studio for Android - [Status: id=org.eclipse.andmore.android.emulator.status.online;name=Online]
2019-05-04 19:28:52,929 [Worker-3] INFO  Studio for Android - [Status: id=OFF;name=OFF]
2019-05-04 19:28:52,929 [Worker-3] INFO  Studio for Android - [Status: id=org.eclipse.andmore.android.emulator.status.offlineNoData;name=Offline (no user data)]
